<?xml version="1.0" encoding="UTF-8"?>
<testsuite name="Taller1db.TBD.TbdApplicationTests" tests="1" skipped="0" failures="0" errors="0" timestamp="2018-05-21T22:57:36" hostname="sebastian" time="0.118">
  <properties/>
  <testcase name="contextLoads" classname="Taller1db.TBD.TbdApplicationTests" time="0.118"/>
  <system-out><![CDATA[18:56:57.809 [Test worker] DEBUG org.springframework.test.context.junit4.SpringJUnit4ClassRunner - SpringJUnit4ClassRunner constructor called with [class Taller1db.TBD.TbdApplicationTests]
18:56:57.819 [Test worker] DEBUG org.springframework.test.context.BootstrapUtils - Instantiating CacheAwareContextLoaderDelegate from class [org.springframework.test.context.cache.DefaultCacheAwareContextLoaderDelegate]
18:56:57.831 [Test worker] DEBUG org.springframework.test.context.BootstrapUtils - Instantiating BootstrapContext using constructor [public org.springframework.test.context.support.DefaultBootstrapContext(java.lang.Class,org.springframework.test.context.CacheAwareContextLoaderDelegate)]
18:56:57.862 [Test worker] DEBUG org.springframework.test.context.BootstrapUtils - Instantiating TestContextBootstrapper for test class [Taller1db.TBD.TbdApplicationTests] from class [org.springframework.boot.test.context.SpringBootTestContextBootstrapper]
18:56:57.879 [Test worker] INFO org.springframework.boot.test.context.SpringBootTestContextBootstrapper - Neither @ContextConfiguration nor @ContextHierarchy found for test class [Taller1db.TBD.TbdApplicationTests], using SpringBootContextLoader
18:56:57.885 [Test worker] DEBUG org.springframework.test.context.support.AbstractContextLoader - Did not detect default resource location for test class [Taller1db.TBD.TbdApplicationTests]: class path resource [Taller1db/TBD/TbdApplicationTests-context.xml] does not exist
18:56:57.885 [Test worker] DEBUG org.springframework.test.context.support.AbstractContextLoader - Did not detect default resource location for test class [Taller1db.TBD.TbdApplicationTests]: class path resource [Taller1db/TBD/TbdApplicationTestsContext.groovy] does not exist
18:56:57.886 [Test worker] INFO org.springframework.test.context.support.AbstractContextLoader - Could not detect default resource locations for test class [Taller1db.TBD.TbdApplicationTests]: no resource found for suffixes {-context.xml, Context.groovy}.
18:56:57.887 [Test worker] INFO org.springframework.test.context.support.AnnotationConfigContextLoaderUtils - Could not detect default configuration classes for test class [Taller1db.TBD.TbdApplicationTests]: TbdApplicationTests does not declare any static, non-private, non-final, nested classes annotated with @Configuration.
18:56:57.940 [Test worker] DEBUG org.springframework.test.context.support.ActiveProfilesUtils - Could not find an 'annotation declaring class' for annotation type [org.springframework.test.context.ActiveProfiles] and class [Taller1db.TBD.TbdApplicationTests]
18:56:57.950 [Test worker] DEBUG org.springframework.core.env.StandardEnvironment - Adding PropertySource 'systemProperties' with lowest search precedence
18:56:57.951 [Test worker] DEBUG org.springframework.core.env.StandardEnvironment - Adding PropertySource 'systemEnvironment' with lowest search precedence
18:56:57.952 [Test worker] DEBUG org.springframework.core.env.StandardEnvironment - Initialized StandardEnvironment with PropertySources [MapPropertySource@1016393880 {name='systemProperties', properties={java.runtime.name=Java(TM) SE Runtime Environment, sun.boot.library.path=/usr/lib/jvm/java-8-oracle/jre/lib/amd64, java.vm.version=25.171-b11, java.vm.vendor=Oracle Corporation, java.vendor.url=http://java.oracle.com/, path.separator=:, java.vm.name=Java HotSpot(TM) 64-Bit Server VM, file.encoding.pkg=sun.io, sun.java.launcher=SUN_STANDARD, user.country=ES, sun.os.patch.level=unknown, java.vm.specification.name=Java Virtual Machine Specification, user.dir=/home/sebastian/Documentos/tdb/spring1/Taller2-TBD, java.runtime.version=1.8.0_171-b11, java.awt.graphicsenv=sun.awt.X11GraphicsEnvironment, java.endorsed.dirs=/usr/lib/jvm/java-8-oracle/jre/lib/endorsed, os.arch=amd64, java.io.tmpdir=/tmp, line.separator=
, java.vm.specification.vendor=Oracle Corporation, user.variant=, os.name=Linux, sun.jnu.encoding=UTF-8, java.library.path=/usr/java/packages/lib/amd64:/usr/lib64:/lib64:/lib:/usr/lib, java.specification.name=Java Platform API Specification, java.class.version=52.0, org.gradle.native=false, sun.management.compiler=HotSpot 64-Bit Tiered Compilers, os.version=4.4.0-124-generic, user.home=/home/sebastian, user.timezone=America/Santiago, java.awt.printerjob=sun.print.PSPrinterJob, file.encoding=UTF-8, java.specification.version=1.8, java.class.path=/home/sebastian/Documentos/tdb/spring1/Taller2-TBD/build/classes/java/test:/home/sebastian/Documentos/tdb/spring1/Taller2-TBD/build/resources/test:/home/sebastian/Documentos/tdb/spring1/Taller2-TBD/build/classes/java/main:/home/sebastian/Documentos/tdb/spring1/Taller2-TBD/build/resources/main:/home/sebastian/.gradle/caches/modules-2/files-2.1/org.springframework.boot/spring-boot-starter-data-jpa/2.0.1.RELEASE/b7c701f60073e2d2b8a8f5502dcc39d4f65f45ff/spring-boot-starter-data-jpa-2.0.1.RELEASE.jar:/home/sebastian/.gradle/caches/modules-2/files-2.1/org.springframework.boot/spring-boot-starter-data-rest/2.0.1.RELEASE/2faa633a8ceb95c0820e56867eabc2bade198767/spring-boot-starter-data-rest-2.0.1.RELEASE.jar:/home/sebastian/.gradle/caches/modules-2/files-2.1/org.springframework.boot/spring-boot-starter-security/2.0.1.RELEASE/d573123d27bc3c7333fbc352eced092737c7303f/spring-boot-starter-security-2.0.1.RELEASE.jar:/home/sebastian/.gradle/caches/modules-2/files-2.1/org.springframework.boot/spring-boot-starter-web/2.0.1.RELEASE/88751ed76791d12425ce5a80476baf1749a44cf4/spring-boot-starter-web-2.0.1.RELEASE.jar:/home/sebastian/.gradle/caches/modules-2/files-2.1/org.apache.lucene/lucene-analyzers-common/7.3.0/4325a5cdf8d3fa23f326cd86a2297fee2bc844f5/lucene-analyzers-common-7.3.0.jar:/home/sebastian/.gradle/caches/modules-2/files-2.1/org.apache.lucene/lucene-queryparser/7.3.0/95b2563e5337377dde2eb987b3fce144be5e7a77/lucene-queryparser-7.3.0.jar:/home/sebastian/.gradle/caches/modules-2/files-2.1/org.apache.lucene/lucene-queries/7.3.0/6292a5579a6ab3423ceca60d2ea41cd86481e7c0/lucene-queries-7.3.0.jar:/home/sebastian/.gradle/caches/modules-2/files-2.1/org.apache.lucene/lucene-codecs/7.3.0/9b52019143232c0e15888b7ef56d2384377a1c19/lucene-codecs-7.3.0.jar:/home/sebastian/.gradle/caches/modules-2/files-2.1/org.apache.lucene/lucene-core/7.3.0/40e2de30c5e6bad868b144e371730200719ceb3/lucene-core-7.3.0.jar:/home/sebastian/.gradle/caches/modules-2/files-2.1/org.mongodb/mongo-java-driver/3.8.0-beta2/5f6820be07777cf812cf118d6fbd8518c8014ec1/mongo-java-driver-3.8.0-beta2.jar:/home/sebastian/.gradle/caches/modules-2/files-2.1/org.mongodb/mongodb-driver-core/3.8.0-beta2/83f19e5aa4e7586da64f96fadea8959702bff2a0/mongodb-driver-core-3.8.0-beta2.jar:/home/sebastian/.gradle/caches/modules-2/files-2.1/org.apache.opennlp/opennlp-tools/1.8.4/dc1dd0bfdee4a4bc98924180da5a8e61b3a50bdd/opennlp-tools-1.8.4.jar:/home/sebastian/.gradle/caches/modules-2/files-2.1/mysql/mysql-connector-java/5.1.46/9a3e63b387e376364211e96827bc27db8d7a92e9/mysql-connector-java-5.1.46.jar:/home/sebastian/.gradle/caches/modules-2/files-2.1/org.springframework.boot/spring-boot-starter-test/2.0.1.RELEASE/d6204ede44fa7e1df01d25509837bfa4b767fa28/spring-boot-starter-test-2.0.1.RELEASE.jar:/home/sebastian/.gradle/caches/modules-2/files-2.1/org.springframework.security/spring-security-test/5.0.4.RELEASE/18ccfce134afadf7c5f163fcb93ff29b4cfe3ed9/spring-security-test-5.0.4.RELEASE.jar:/home/sebastian/.gradle/caches/modules-2/files-2.1/org.springframework.boot/spring-boot-starter-aop/2.0.1.RELEASE/c7f7b5b5e63edca2fb04899d13d8bad83377b4b3/spring-boot-starter-aop-2.0.1.RELEASE.jar:/home/sebastian/.gradle/caches/modules-2/files-2.1/org.springframework.boot/spring-boot-starter-jdbc/2.0.1.RELEASE/a22a7ac74388118938bfcd894318cd0c5a7c380b/spring-boot-starter-jdbc-2.0.1.RELEASE.jar:/home/sebastian/.gradle/caches/modules-2/files-2.1/org.springframework.boot/spring-boot-starter-json/2.0.1.RELEASE/f2e1aeeb1ac02bfa1b4f7254633484af1866fc65/spring-boot-starter-json-2.0.1.RELEASE.jar:/home/sebastian/.gradle/caches/modules-2/files-2.1/org.springframework.boot/spring-boot-starter/2.0.1.RELEASE/33abc1286b0aabea4f08ff4285d09e587835a716/spring-boot-starter-2.0.1.RELEASE.jar:/home/sebastian/.gradle/caches/modules-2/files-2.1/org.hibernate/hibernate-core/5.2.16.Final/c169565556721e21e9bdc193a3e8e25160a45468/hibernate-core-5.2.16.Final.jar:/home/sebastian/.gradle/caches/modules-2/files-2.1/javax.transaction/javax.transaction-api/1.2/d81aff979d603edd90dcd8db2abc1f4ce6479e3e/javax.transaction-api-1.2.jar:/home/sebastian/.gradle/caches/modules-2/files-2.1/org.springframework.data/spring-data-jpa/2.0.6.RELEASE/2c683dfbd06551bfd6cc7e05f9d13f5c54c79ba/spring-data-jpa-2.0.6.RELEASE.jar:/home/sebastian/.gradle/caches/modules-2/files-2.1/org.springframework/spring-aspects/5.0.5.RELEASE/34994566374425cfdf82634720b010ed20be512d/spring-aspects-5.0.5.RELEASE.jar:/home/sebastian/.gradle/caches/modules-2/files-2.1/org.springframework.data/spring-data-rest-webmvc/3.0.6.RELEASE/8876124e689885cf2eacdce5887125052675a2fe/spring-data-rest-webmvc-3.0.6.RELEASE.jar:/home/sebastian/.gradle/caches/modules-2/files-2.1/org.springframework.security/spring-security-config/5.0.4.RELEASE/355fc8c3d1c61fe85915082587946ad346250d85/spring-security-config-5.0.4.RELEASE.jar:/home/sebastian/.gradle/caches/modules-2/files-2.1/org.springframework.security/spring-security-web/5.0.4.RELEASE/bd2592c928d043f70742fd8ae409f751a63132dd/spring-security-web-5.0.4.RELEASE.jar:/home/sebastian/.gradle/caches/modules-2/files-2.1/org.springframework.data/spring-data-rest-core/3.0.6.RELEASE/e8e75aa0c35f5b7be049b3c29fd512a9c72a0936/spring-data-rest-core-3.0.6.RELEASE.jar:/home/sebastian/.gradle/caches/modules-2/files-2.1/org.springframework.hateoas/spring-hateoas/0.24.0.RELEASE/b6401a781a58e0b2ab95242a553683e04300fe69/spring-hateoas-0.24.0.RELEASE.jar:/home/sebastian/.gradle/caches/modules-2/files-2.1/org.springframework/spring-webmvc/5.0.5.RELEASE/a7fd53c7ad06b0fa7dd4ff347de1b2dc508739e/spring-webmvc-5.0.5.RELEASE.jar:/home/sebastian/.gradle/caches/modules-2/files-2.1/org.springframework.security/spring-security-core/5.0.4.RELEASE/f2924cd62fa8b14546b2b3c31dcd9e55abf9a5e/spring-security-core-5.0.4.RELEASE.jar:/home/sebastian/.gradle/caches/modules-2/files-2.1/org.springframework.boot/spring-boot-test-autoconfigure/2.0.1.RELEASE/c7a68c07f2a04323a67740f91d20818ec2e783b3/spring-boot-test-autoconfigure-2.0.1.RELEASE.jar:/home/sebastian/.gradle/caches/modules-2/files-2.1/org.springframework.boot/spring-boot-test/2.0.1.RELEASE/77cede07b0e9da6c87d0dabcfe3e53ac56747d73/spring-boot-test-2.0.1.RELEASE.jar:/home/sebastian/.gradle/caches/modules-2/files-2.1/org.springframework.boot/spring-boot-autoconfigure/2.0.1.RELEASE/b0bf9d34ed70c6987a86cd58a009065e5fa02545/spring-boot-autoconfigure-2.0.1.RELEASE.jar:/home/sebastian/.gradle/caches/modules-2/files-2.1/org.springframework.boot/spring-boot/2.0.1.RELEASE/b8c5b14cbb0e52fdded8f98a8c1493cc74c7cf59/spring-boot-2.0.1.RELEASE.jar:/home/sebastian/.gradle/caches/modules-2/files-2.1/org.springframework.plugin/spring-plugin-core/1.2.0.RELEASE/f380e7760032e7d929184f8ad8a33716b75c0657/spring-plugin-core-1.2.0.RELEASE.jar:/home/sebastian/.gradle/caches/modules-2/files-2.1/org.springframework/spring-context/5.0.5.RELEASE/9cca4bf5acb693249a01c218f471c677b951d6e2/spring-context-5.0.5.RELEASE.jar:/home/sebastian/.gradle/caches/modules-2/files-2.1/org.springframework/spring-aop/5.0.5.RELEASE/b11b61b94d7fb752a1c9bf3461d655c3084fae47/spring-aop-5.0.5.RELEASE.jar:/home/sebastian/.gradle/caches/modules-2/files-2.1/org.springframework.boot/spring-boot-starter-tomcat/2.0.1.RELEASE/4b46f4aaff6c8a5a1c8184996d5e9e8a9354db8d/spring-boot-starter-tomcat-2.0.1.RELEASE.jar:/home/sebastian/.gradle/caches/modules-2/files-2.1/org.hibernate.validator/hibernate-validator/6.0.9.Final/b149e4cce82379f11f6129eb3187ca8ae5404005/hibernate-validator-6.0.9.Final.jar:/home/sebastian/.gradle/caches/modules-2/files-2.1/org.springframework/spring-web/5.0.5.RELEASE/d51dbb5cabe72ae02e400577bac48f7fc94088de/spring-web-5.0.5.RELEASE.jar:/home/sebastian/.gradle/caches/modules-2/files-2.1/org.apache.lucene/lucene-sandbox/7.3.0/1efd2fa7cba1e359e3fbb8b4c11cab37024b2178/lucene-sandbox-7.3.0.jar:/home/sebastian/.gradle/caches/modules-2/files-2.1/org.mongodb/bson/3.6.3/6c85ddf1fc96eb8776213bef6665d005a564ecd3/bson-3.6.3.jar:/home/sebastian/.gradle/caches/modules-2/files-2.1/com.jayway.jsonpath/json-path/2.4.0/765a4401ceb2dc8d40553c2075eb80a8fa35c2ae/json-path-2.4.0.jar:/home/sebastian/.gradle/caches/modules-2/files-2.1/junit/junit/4.12/2973d150c0dc1fefe998f834810d68f278ea58ec/junit-4.12.jar:/home/sebastian/.gradle/caches/modules-2/files-2.1/org.assertj/assertj-core/3.9.1/c5ce126b15f28d56cd8f960c1a6a058b9c9aea87/assertj-core-3.9.1.jar:/home/sebastian/.gradle/caches/modules-2/files-2.1/org.mockito/mockito-core/2.15.0/b84bfbbc29cd22c9529409627af6ea2897f4fa85/mockito-core-2.15.0.jar:/home/sebastian/.gradle/caches/modules-2/files-2.1/org.hamcrest/hamcrest-library/1.3/4785a3c21320980282f9f33d0d1264a69040538f/hamcrest-library-1.3.jar:/home/sebastian/.gradle/caches/modules-2/files-2.1/org.hamcrest/hamcrest-core/1.3/42a25dc3219429f0e5d060061f71acb49bf010a0/hamcrest-core-1.3.jar:/home/sebastian/.gradle/caches/modules-2/files-2.1/org.skyscreamer/jsonassert/1.5.0/6c9d5fe2f59da598d9aefc1cfc6528ff3cf32df3/jsonassert-1.5.0.jar:/home/sebastian/.gradle/caches/modules-2/files-2.1/org.springframework/spring-test/5.0.5.RELEASE/f7e3b83447e54056a91de1294ae6888343648dff/spring-test-5.0.5.RELEASE.jar:/home/sebastian/.gradle/caches/modules-2/files-2.1/org.springframework/spring-orm/5.0.5.RELEASE/6734f5ef4c2ebf1d00021fd4b314138f10792174/spring-orm-5.0.5.RELEASE.jar:/home/sebastian/.gradle/caches/modules-2/files-2.1/org.springframework/spring-jdbc/5.0.5.RELEASE/456bc4d2281c37aa2f2206651a3048a1d3559d2a/spring-jdbc-5.0.5.RELEASE.jar:/home/sebastian/.gradle/caches/modules-2/files-2.1/org.springframework/spring-tx/5.0.5.RELEASE/b772fbba533da282adc89f33e2619ee8a8bba601/spring-tx-5.0.5.RELEASE.jar:/home/sebastian/.gradle/caches/modules-2/files-2.1/org.springframework.data/spring-data-commons/2.0.6.RELEASE/4d65fdcbe258961e866f4f85c87c13193bbfd18c/spring-data-commons-2.0.6.RELEASE.jar:/home/sebastian/.gradle/caches/modules-2/files-2.1/org.springframework/spring-beans/5.0.5.RELEASE/984445863c0bbdaaf860615762d998b471a6bf92/spring-beans-5.0.5.RELEASE.jar:/home/sebastian/.gradle/caches/modules-2/files-2.1/org.springframework/spring-expression/5.0.5.RELEASE/fc6c7a95aeb7d00f4c65c338b08d97767eb0dd99/spring-expression-5.0.5.RELEASE.jar:/home/sebastian/.gradle/caches/modules-2/files-2.1/org.springframework/spring-core/5.0.5.RELEASE/1bd9feb1d9dac6accd27f5244b6c47cfcb55045c/spring-core-5.0.5.RELEASE.jar:/home/sebastian/.gradle/caches/modules-2/files-2.1/org.xmlunit/xmlunit-core/2.5.1/4ffdb346572a7356f7521cd3119ce5287d2e339d/xmlunit-core-2.5.1.jar:/home/sebastian/.gradle/caches/modules-2/files-2.1/org.springframework.boot/spring-boot-starter-logging/2.0.1.RELEASE/10681a28c95e9f9c0159327a1ed0c860517c7ad7/spring-boot-starter-logging-2.0.1.RELEASE.jar:/home/sebastian/.gradle/caches/modules-2/files-2.1/javax.annotation/javax.annotation-api/1.3.2/934c04d3cfef185a8008e7bf34331b79730a9d43/javax.annotation-api-1.3.2.jar:/home/sebastian/.gradle/caches/modules-2/files-2.1/org.yaml/snakeyaml/1.19/2d998d3d674b172a588e54ab619854d073f555b5/snakeyaml-1.19.jar:/home/sebastian/.gradle/caches/modules-2/files-2.1/org.aspectj/aspectjweaver/1.8.13/ad94df2a28d658a40dc27bbaff6a1ce5fbf04e9b/aspectjweaver-1.8.13.jar:/home/sebastian/.gradle/caches/modules-2/files-2.1/com.zaxxer/HikariCP/2.7.8/4a3a604fa2efa89621aa498d04e000b2bed90c39/HikariCP-2.7.8.jar:/home/sebastian/.gradle/caches/modules-2/files-2.1/org.hibernate.common/hibernate-commons-annotations/5.0.1.Final/71e1cff3fcb20d3b3af4f3363c3ddb24d33c6879/hibernate-commons-annotations-5.0.1.Final.jar:/home/sebastian/.gradle/caches/modules-2/files-2.1/org.jboss.logging/jboss-logging/3.3.2.Final/3789d00e859632e6c6206adc0c71625559e6e3b0/jboss-logging-3.3.2.Final.jar:/home/sebastian/.gradle/caches/modules-2/files-2.1/org.hibernate.javax.persistence/hibernate-jpa-2.1-api/1.0.0.Final/5e731d961297e5a07290bfaf3db1fbc8bbbf405a/hibernate-jpa-2.1-api-1.0.0.Final.jar:/home/sebastian/.gradle/caches/modules-2/files-2.1/org.javassist/javassist/3.22.0-GA/3e83394258ae2089be7219b971ec21a8288528ad/javassist-3.22.0-GA.jar:/home/sebastian/.gradle/caches/modules-2/files-2.1/antlr/antlr/2.7.7/83cd2cd674a217ade95a4bb83a8a14f351f48bd0/antlr-2.7.7.jar:/home/sebastian/.gradle/caches/modules-2/files-2.1/org.jboss/jandex/2.0.3.Final/bfc4d6257dbff7a33a357f0de116be6ff951d849/jandex-2.0.3.Final.jar:/home/sebastian/.gradle/caches/modules-2/files-2.1/com.fasterxml/classmate/1.3.4/3d5f48f10bbe4eb7bd862f10c0583be2e0053c6/classmate-1.3.4.jar:/home/sebastian/.gradle/caches/modules-2/files-2.1/dom4j/dom4j/1.6.1/5d3ccc056b6f056dbf0dddfdf43894b9065a8f94/dom4j-1.6.1.jar:/home/sebastian/.gradle/caches/modules-2/files-2.1/ch.qos.logback/logback-classic/1.2.3/7c4f3c474fb2c041d8028740440937705ebb473a/logback-classic-1.2.3.jar:/home/sebastian/.gradle/caches/modules-2/files-2.1/org.apache.logging.log4j/log4j-to-slf4j/2.10.0/f7e631ccf49cfc0aefa4a2a728da7d374c05bd3c/log4j-to-slf4j-2.10.0.jar:/home/sebastian/.gradle/caches/modules-2/files-2.1/org.slf4j/jul-to-slf4j/1.7.25/af5364cd6679bfffb114f0dec8a157aaa283b76/jul-to-slf4j-1.7.25.jar:/home/sebastian/.gradle/caches/modules-2/files-2.1/org.slf4j/slf4j-api/1.7.25/da76ca59f6a57ee3102f8f9bd9cee742973efa8a/slf4j-api-1.7.25.jar:/home/sebastian/.gradle/caches/modules-2/files-2.1/com.fasterxml.jackson.datatype/jackson-datatype-jdk8/2.9.5/23e37f085279ba316c0df923513b81609e1d1f6/jackson-datatype-jdk8-2.9.5.jar:/home/sebastian/.gradle/caches/modules-2/files-2.1/com.fasterxml.jackson.datatype/jackson-datatype-jsr310/2.9.5/d1f0d11e816bc04e222a261106ca138801841c2d/jackson-datatype-jsr310-2.9.5.jar:/home/sebastian/.gradle/caches/modules-2/files-2.1/com.fasterxml.jackson.module/jackson-module-parameter-names/2.9.5/f824c60751ffb7bfc3a0d30dfe0e42317d8e67f5/jackson-module-parameter-names-2.9.5.jar:/home/sebastian/.gradle/caches/modules-2/files-2.1/com.fasterxml.jackson.core/jackson-databind/2.9.5/3490508379d065fe3fcb80042b62f630f7588606/jackson-databind-2.9.5.jar:/home/sebastian/.gradle/caches/modules-2/files-2.1/com.fasterxml.jackson.core/jackson-annotations/2.9.0/7c10d545325e3a6e72e06381afe469fd40eb701/jackson-annotations-2.9.0.jar:/home/sebastian/.gradle/caches/modules-2/files-2.1/org.apache.tomcat.embed/tomcat-embed-websocket/8.5.29/37786f4ca8a1597a91a0f437e659a76d1fcc5bf1/tomcat-embed-websocket-8.5.29.jar:/home/sebastian/.gradle/caches/modules-2/files-2.1/org.apache.tomcat.embed/tomcat-embed-core/8.5.29/51eac5adde4bc019261b787cb99e5548206908e6/tomcat-embed-core-8.5.29.jar:/home/sebastian/.gradle/caches/modules-2/files-2.1/org.apache.tomcat.embed/tomcat-embed-el/8.5.29/893fb2c87ec1aa248a7911d76c0c06b3fca6bc9b/tomcat-embed-el-8.5.29.jar:/home/sebastian/.gradle/caches/modules-2/files-2.1/javax.validation/validation-api/2.0.1.Final/cb855558e6271b1b32e716d24cb85c7f583ce09e/validation-api-2.0.1.Final.jar:/home/sebastian/.gradle/caches/modules-2/files-2.1/net.minidev/json-smart/2.3/7396407491352ce4fa30de92efb158adb76b5b/json-smart-2.3.jar:/home/sebastian/.gradle/caches/modules-2/files-2.1/net.bytebuddy/byte-buddy/1.7.11/f02857a4e2c66ccbe7aaad6100a0a6c461bce9b3/byte-buddy-1.7.11.jar:/home/sebastian/.gradle/caches/modules-2/files-2.1/net.bytebuddy/byte-buddy-agent/1.7.11/b425a8933ca07edd03c6dbc8bc3b595fba9780de/byte-buddy-agent-1.7.11.jar:/home/sebastian/.gradle/caches/modules-2/files-2.1/org.objenesis/objenesis/2.6/639033469776fd37c08358c6b92a4761feb2af4b/objenesis-2.6.jar:/home/sebastian/.gradle/caches/modules-2/files-2.1/com.vaadin.external.google/android-json/0.0.20131108.vaadin1/fa26d351fe62a6a17f5cda1287c1c6110dec413f/android-json-0.0.20131108.vaadin1.jar:/home/sebastian/.gradle/caches/modules-2/files-2.1/org.springframework/spring-jcl/5.0.5.RELEASE/f4a2854b9d865e8b86717595aec16f877f8c6489/spring-jcl-5.0.5.RELEASE.jar:/home/sebastian/.gradle/caches/modules-2/files-2.1/com.fasterxml.jackson.core/jackson-core/2.9.5/a22ac51016944b06fd9ffbc9541c6e7ce5eea117/jackson-core-2.9.5.jar:/home/sebastian/.gradle/caches/modules-2/files-2.1/org.atteo/evo-inflector/1.2.2/2551aad98d65ac5464d81fe05f0e1516cfe471c9/evo-inflector-1.2.2.jar:/home/sebastian/.gradle/caches/modules-2/files-2.1/net.minidev/accessors-smart/1.2/c592b500269bfde36096641b01238a8350f8aa31/accessors-smart-1.2.jar:/home/sebastian/.gradle/caches/modules-2/files-2.1/ch.qos.logback/logback-core/1.2.3/864344400c3d4d92dfeb0a305dc87d953677c03c/logback-core-1.2.3.jar:/home/sebastian/.gradle/caches/modules-2/files-2.1/org.apache.logging.log4j/log4j-api/2.10.0/fec5797a55b786184a537abd39c3fa1449d752d6/log4j-api-2.10.0.jar:/home/sebastian/.gradle/caches/modules-2/files-2.1/org.ow2.asm/asm/5.0.4/da08b8cce7bbf903602a25a3a163ae252435795/asm-5.0.4.jar, user.name=sebastian, java.vm.specification.version=1.8, sun.java.command=worker.org.gradle.process.internal.worker.GradleWorkerMain 'Gradle Test Executor 1', java.home=/usr/lib/jvm/java-8-oracle/jre, sun.arch.data.model=64, user.language=es, java.specification.vendor=Oracle Corporation, awt.toolkit=sun.awt.X11.XToolkit, java.vm.info=mixed mode, java.version=1.8.0_171, java.ext.dirs=/usr/lib/jvm/java-8-oracle/jre/lib/ext:/usr/java/packages/lib/ext, sun.boot.class.path=/usr/lib/jvm/java-8-oracle/jre/lib/resources.jar:/usr/lib/jvm/java-8-oracle/jre/lib/rt.jar:/usr/lib/jvm/java-8-oracle/jre/lib/sunrsasign.jar:/usr/lib/jvm/java-8-oracle/jre/lib/jsse.jar:/usr/lib/jvm/java-8-oracle/jre/lib/jce.jar:/usr/lib/jvm/java-8-oracle/jre/lib/charsets.jar:/usr/lib/jvm/java-8-oracle/jre/lib/jfr.jar:/usr/lib/jvm/java-8-oracle/jre/classes, java.vendor=Oracle Corporation, org.gradle.test.worker=1, file.separator=/, java.vendor.url.bug=http://bugreport.sun.com/bugreport/, sun.io.unicode.encoding=UnicodeLittle, sun.cpu.endian=little, sun.desktop=gnome, sun.cpu.isalist=}}, SystemEnvironmentPropertySource@843125521 {name='systemEnvironment', properties={PATH=/home/sebastian/.sdkman/candidates/gradle/current/bin:/home/sebastian/.nvm/versions/node/v9.10.1/bin:/opt/maven/bin:/usr/local/sbin:/usr/local/bin:/usr/sbin:/usr/bin:/sbin:/bin:/usr/games:/usr/local/games:/snap/bin:/usr/lib/jvm/java-8-oracle/bin:/usr/lib/jvm/java-8-oracle/db/bin:/usr/lib/jvm/java-8-oracle/jre/bin, LC_MEASUREMENT=es_CL.UTF-8, XAUTHORITY=/home/sebastian/.Xauthority, SDKMAN_VERSION=5.6.3+299, XMODIFIERS=, LC_TELEPHONE=es_CL.UTF-8, XDG_DATA_DIRS=/usr/share/ubuntu:/usr/share/gnome:/usr/local/share:/usr/share:/var/lib/snapd/desktop:/var/lib/snapd/desktop, GDMSESSION=ubuntu, MANDATORY_PATH=/usr/share/gconf/ubuntu.mandatory.path, LC_TIME=es_CL.UTF-8, GTK_IM_MODULE=, DBUS_SESSION_BUS_ADDRESS=unix:abstract=/tmp/dbus-lVTfXVQIPh, DEFAULTS_PATH=/usr/share/gconf/ubuntu.default.path, XDG_CURRENT_DESKTOP=Unity, QT4_IM_MODULE=, UPSTART_SESSION=unix:abstract=/com/ubuntu/upstart-session/1000/2714, LC_PAPER=es_CL.UTF-8, SDKMAN_DIR=/home/sebastian/.sdkman, QT_LINUX_ACCESSIBILITY_ALWAYS_ON=1, LOGNAME=sebastian, JOB=gnome-session, PWD=/home/sebastian/Documentos/tdb/spring1/Taller2-TBD, DERBY_HOME=/usr/lib/jvm/java-8-oracle/db, IM_CONFIG_PHASE=1, LANGUAGE=es:en, WINDOWID=56623114, NVM_CD_FLAGS=, SHELL=/bin/bash, LESSOPEN=| /usr/bin/lesspipe %s, LC_ADDRESS=es_CL.UTF-8, GTK2_MODULES=overlay-scrollbar, INSTANCE=Unity, J2SDKDIR=/usr/lib/jvm/java-8-oracle, OLDPWD=/home/sebastian/.sdkman/candidates/gradle/current, UPSTART_INSTANCE=, GNOME_DESKTOP_SESSION_ID=this-is-deprecated, GTK_MODULES=gail:atk-bridge:unity-gtk-module, J2REDIR=/usr/lib/jvm/java-8-oracle/jre, CLUTTER_IM_MODULE=, XDG_SESSION_PATH=/org/freedesktop/DisplayManager/Session0, M2_HOME=/opt/maven, SESSIONTYPE=gnome-session, XDG_SESSION_DESKTOP=ubuntu, LS_COLORS=rs=0:di=01;34:ln=01;36:mh=00:pi=40;33:so=01;35:do=01;35:bd=40;33;01:cd=40;33;01:or=40;31;01:mi=00:su=37;41:sg=30;43:ca=30;41:tw=30;42:ow=34;42:st=37;44:ex=01;32:*.tar=01;31:*.tgz=01;31:*.arc=01;31:*.arj=01;31:*.taz=01;31:*.lha=01;31:*.lz4=01;31:*.lzh=01;31:*.lzma=01;31:*.tlz=01;31:*.txz=01;31:*.tzo=01;31:*.t7z=01;31:*.zip=01;31:*.z=01;31:*.Z=01;31:*.dz=01;31:*.gz=01;31:*.lrz=01;31:*.lz=01;31:*.lzo=01;31:*.xz=01;31:*.bz2=01;31:*.bz=01;31:*.tbz=01;31:*.tbz2=01;31:*.tz=01;31:*.deb=01;31:*.rpm=01;31:*.jar=01;31:*.war=01;31:*.ear=01;31:*.sar=01;31:*.rar=01;31:*.alz=01;31:*.ace=01;31:*.zoo=01;31:*.cpio=01;31:*.7z=01;31:*.rz=01;31:*.cab=01;31:*.jpg=01;35:*.jpeg=01;35:*.gif=01;35:*.bmp=01;35:*.pbm=01;35:*.pgm=01;35:*.ppm=01;35:*.tga=01;35:*.xbm=01;35:*.xpm=01;35:*.tif=01;35:*.tiff=01;35:*.png=01;35:*.svg=01;35:*.svgz=01;35:*.mng=01;35:*.pcx=01;35:*.mov=01;35:*.mpg=01;35:*.mpeg=01;35:*.m2v=01;35:*.mkv=01;35:*.webm=01;35:*.ogm=01;35:*.mp4=01;35:*.m4v=01;35:*.mp4v=01;35:*.vob=01;35:*.qt=01;35:*.nuv=01;35:*.wmv=01;35:*.asf=01;35:*.rm=01;35:*.rmvb=01;35:*.flc=01;35:*.avi=01;35:*.fli=01;35:*.flv=01;35:*.gl=01;35:*.dl=01;35:*.xcf=01;35:*.xwd=01;35:*.yuv=01;35:*.cgm=01;35:*.emf=01;35:*.ogv=01;35:*.ogx=01;35:*.aac=00;36:*.au=00;36:*.flac=00;36:*.m4a=00;36:*.mid=00;36:*.midi=00;36:*.mka=00;36:*.mp3=00;36:*.mpc=00;36:*.ogg=00;36:*.ra=00;36:*.wav=00;36:*.oga=00;36:*.opus=00;36:*.spx=00;36:*.xspf=00;36:, SDKMAN_CURRENT_API=https://api.sdkman.io/2, SHLVL=1, LC_IDENTIFICATION=es_CL.UTF-8, LESSCLOSE=/usr/bin/lesspipe %s %s, LC_MONETARY=es_CL.UTF-8, COMPIZ_CONFIG_PROFILE=ubuntu, QT_IM_MODULE=, UPSTART_JOB=unity-settings-daemon, JAVA_HOME=/usr/lib/jvm/java-8-oracle, TERM=xterm-256color, XDG_CONFIG_DIRS=/etc/xdg/xdg-ubuntu:/usr/share/upstart/xdg:/etc/xdg, GNOME_KEYRING_CONTROL=, LANG=es_ES.UTF-8, XDG_SEAT_PATH=/org/freedesktop/DisplayManager/Seat0, XDG_SESSION_ID=c2, XDG_SESSION_TYPE=x11, GRADLE_HOME=/home/sebastian/.sdkman/candidates/gradle/current, DISPLAY=:0, QT_DEVICE_PIXEL_RATIO=auto, LC_NAME=es_CL.UTF-8, SDKMAN_CANDIDATES_DIR=/home/sebastian/.sdkman/candidates, _=/home/sebastian/.sdkman/candidates/gradle/current/bin/gradle, PT7HOME=/opt/pt, SDKMAN_LEGACY_API=https://api.sdkman.io/1, GDM_LANG=es_ES, NVM_DIR=/home/sebastian/.nvm, XDG_GREETER_DATA_DIR=/var/lib/lightdm-data/sebastian, UPSTART_EVENTS=started starting, GPG_AGENT_INFO=/home/sebastian/.gnupg/S.gpg-agent:0:1, DESKTOP_SESSION=ubuntu, SDKMAN_PLATFORM=Linux64, USER=sebastian, VTE_VERSION=4205, QT_ACCESSIBILITY=1, LC_NUMERIC=es_CL.UTF-8, SSH_AUTH_SOCK=/run/user/1000/keyring/ssh, XDG_SEAT=seat0, QT_QPA_PLATFORMTHEME=appmenu-qt5, XDG_VTNR=7, XDG_RUNTIME_DIR=/run/user/1000, NVM_BIN=/home/sebastian/.nvm/versions/node/v9.10.1/bin, HOME=/home/sebastian, GNOME_KEYRING_PID=}}]
18:56:57.975 [Test worker] DEBUG org.springframework.core.io.support.PathMatchingResourcePatternResolver - Resolved classpath location [Taller1db/TBD/] to resources [URL [file:/home/sebastian/Documentos/tdb/spring1/Taller2-TBD/build/classes/java/test/Taller1db/TBD/], URL [file:/home/sebastian/Documentos/tdb/spring1/Taller2-TBD/build/classes/java/main/Taller1db/TBD/]]
18:56:57.976 [Test worker] DEBUG org.springframework.core.io.support.PathMatchingResourcePatternResolver - Looking for matching resources in directory tree [/home/sebastian/Documentos/tdb/spring1/Taller2-TBD/build/classes/java/test/Taller1db/TBD]
18:56:57.976 [Test worker] DEBUG org.springframework.core.io.support.PathMatchingResourcePatternResolver - Searching directory [/home/sebastian/Documentos/tdb/spring1/Taller2-TBD/build/classes/java/test/Taller1db/TBD] for files matching pattern [/home/sebastian/Documentos/tdb/spring1/Taller2-TBD/build/classes/java/test/Taller1db/TBD/*.class]
18:56:57.981 [Test worker] DEBUG org.springframework.core.io.support.PathMatchingResourcePatternResolver - Looking for matching resources in directory tree [/home/sebastian/Documentos/tdb/spring1/Taller2-TBD/build/classes/java/main/Taller1db/TBD]
18:56:57.981 [Test worker] DEBUG org.springframework.core.io.support.PathMatchingResourcePatternResolver - Searching directory [/home/sebastian/Documentos/tdb/spring1/Taller2-TBD/build/classes/java/main/Taller1db/TBD] for files matching pattern [/home/sebastian/Documentos/tdb/spring1/Taller2-TBD/build/classes/java/main/Taller1db/TBD/*.class]
18:56:57.983 [Test worker] DEBUG org.springframework.core.io.support.PathMatchingResourcePatternResolver - Resolved location pattern [classpath*:Taller1db/TBD/*.class] to resources [file [/home/sebastian/Documentos/tdb/spring1/Taller2-TBD/build/classes/java/test/Taller1db/TBD/TbdApplicationTests.class], file [/home/sebastian/Documentos/tdb/spring1/Taller2-TBD/build/classes/java/main/Taller1db/TBD/TbdApplication.class], file [/home/sebastian/Documentos/tdb/spring1/Taller2-TBD/build/classes/java/main/Taller1db/TBD/schedulerAnalisis.class]]
18:56:58.056 [Test worker] DEBUG org.springframework.context.annotation.ClassPathScanningCandidateComponentProvider - Identified candidate component class: file [/home/sebastian/Documentos/tdb/spring1/Taller2-TBD/build/classes/java/main/Taller1db/TBD/TbdApplication.class]
18:56:58.063 [Test worker] INFO org.springframework.boot.test.context.SpringBootTestContextBootstrapper - Found @SpringBootConfiguration Taller1db.TBD.TbdApplication for test class Taller1db.TBD.TbdApplicationTests
18:56:58.231 [Test worker] DEBUG org.springframework.boot.test.context.SpringBootTestContextBootstrapper - @TestExecutionListeners is not present for class [Taller1db.TBD.TbdApplicationTests]: using defaults.
18:56:58.232 [Test worker] INFO org.springframework.boot.test.context.SpringBootTestContextBootstrapper - Loaded default TestExecutionListener class names from location [META-INF/spring.factories]: [org.springframework.security.test.context.support.WithSecurityContextTestExecutionListener, org.springframework.security.test.context.support.ReactorContextTestExecutionListener, org.springframework.boot.test.autoconfigure.restdocs.RestDocsTestExecutionListener, org.springframework.boot.test.autoconfigure.web.client.MockRestServiceServerResetTestExecutionListener, org.springframework.boot.test.autoconfigure.web.servlet.MockMvcPrintOnlyOnFailureTestExecutionListener, org.springframework.boot.test.autoconfigure.web.servlet.WebDriverTestExecutionListener, org.springframework.boot.test.mock.mockito.MockitoTestExecutionListener, org.springframework.boot.test.mock.mockito.ResetMocksTestExecutionListener, org.springframework.test.context.web.ServletTestExecutionListener, org.springframework.test.context.support.DirtiesContextBeforeModesTestExecutionListener, org.springframework.test.context.support.DependencyInjectionTestExecutionListener, org.springframework.test.context.support.DirtiesContextTestExecutionListener, org.springframework.test.context.transaction.TransactionalTestExecutionListener, org.springframework.test.context.jdbc.SqlScriptsTestExecutionListener]
18:56:58.251 [Test worker] INFO org.springframework.boot.test.context.SpringBootTestContextBootstrapper - Using TestExecutionListeners: [org.springframework.test.context.web.ServletTestExecutionListener@74ae5113, org.springframework.test.context.support.DirtiesContextBeforeModesTestExecutionListener@568e1c18, org.springframework.boot.test.mock.mockito.MockitoTestExecutionListener@7b363dc3, org.springframework.boot.test.autoconfigure.SpringBootDependencyInjectionTestExecutionListener@7acab857, org.springframework.test.context.support.DirtiesContextTestExecutionListener@7cea58d4, org.springframework.test.context.transaction.TransactionalTestExecutionListener@5aa2e58d, org.springframework.test.context.jdbc.SqlScriptsTestExecutionListener@1030133f, org.springframework.security.test.context.support.WithSecurityContextTestExecutionListener@3f17196e, org.springframework.security.test.context.support.ReactorContextTestExecutionListener@1115caa0, org.springframework.boot.test.autoconfigure.restdocs.RestDocsTestExecutionListener@5cd6cb82, org.springframework.boot.test.autoconfigure.web.client.MockRestServiceServerResetTestExecutionListener@4cef82cc, org.springframework.boot.test.autoconfigure.web.servlet.MockMvcPrintOnlyOnFailureTestExecutionListener@4bb42e56, org.springframework.boot.test.autoconfigure.web.servlet.WebDriverTestExecutionListener@744bad4a, org.springframework.boot.test.mock.mockito.ResetMocksTestExecutionListener@1e2be29a]
18:56:58.254 [Test worker] DEBUG org.springframework.test.annotation.ProfileValueUtils - Retrieved @ProfileValueSourceConfiguration [null] for test class [Taller1db.TBD.TbdApplicationTests]
18:56:58.255 [Test worker] DEBUG org.springframework.test.annotation.ProfileValueUtils - Retrieved ProfileValueSource type [class org.springframework.test.annotation.SystemProfileValueSource] for class [Taller1db.TBD.TbdApplicationTests]
18:56:58.256 [Test worker] DEBUG org.springframework.test.annotation.ProfileValueUtils - Retrieved @ProfileValueSourceConfiguration [null] for test class [Taller1db.TBD.TbdApplicationTests]
18:56:58.256 [Test worker] DEBUG org.springframework.test.annotation.ProfileValueUtils - Retrieved ProfileValueSource type [class org.springframework.test.annotation.SystemProfileValueSource] for class [Taller1db.TBD.TbdApplicationTests]
18:56:58.261 [Test worker] DEBUG org.springframework.test.context.support.AbstractDirtiesContextTestExecutionListener - Before test class: context [DefaultTestContext@5ca60184 testClass = TbdApplicationTests, testInstance = [null], testMethod = [null], testException = [null], mergedContextConfiguration = [WebMergedContextConfiguration@4f31ff2e testClass = TbdApplicationTests, locations = '{}', classes = '{class Taller1db.TBD.TbdApplication}', contextInitializerClasses = '[]', activeProfiles = '{}', propertySourceLocations = '{}', propertySourceProperties = '{org.springframework.boot.test.context.SpringBootTestContextBootstrapper=true}', contextCustomizers = set[org.springframework.boot.test.autoconfigure.properties.PropertyMappingContextCustomizer@0, org.springframework.boot.test.autoconfigure.web.servlet.WebDriverContextCustomizerFactory$Customizer@494dff2e, org.springframework.boot.test.context.filter.ExcludeFilterContextCustomizer@6a5b0b1c, org.springframework.boot.test.json.DuplicateJsonObjectContextCustomizerFactory$DuplicateJsonObjectContextCustomizer@339c19b8, org.springframework.boot.test.mock.mockito.MockitoContextCustomizer@0, org.springframework.boot.test.web.client.TestRestTemplateContextCustomizer@2ecfd04d], resourceBasePath = 'src/main/webapp', contextLoader = 'org.springframework.boot.test.context.SpringBootContextLoader', parent = [null]], attributes = map['org.springframework.test.context.web.ServletTestExecutionListener.activateListener' -> true]], class annotated with @DirtiesContext [false] with mode [null].
18:56:58.262 [Test worker] DEBUG org.springframework.test.annotation.ProfileValueUtils - Retrieved @ProfileValueSourceConfiguration [null] for test class [Taller1db.TBD.TbdApplicationTests]
18:56:58.262 [Test worker] DEBUG org.springframework.test.annotation.ProfileValueUtils - Retrieved ProfileValueSource type [class org.springframework.test.annotation.SystemProfileValueSource] for class [Taller1db.TBD.TbdApplicationTests]
18:56:58.284 [Test worker] DEBUG org.springframework.core.env.StandardEnvironment - Adding PropertySource 'systemProperties' with lowest search precedence
18:56:58.284 [Test worker] DEBUG org.springframework.core.env.StandardEnvironment - Adding PropertySource 'systemEnvironment' with lowest search precedence
18:56:58.285 [Test worker] DEBUG org.springframework.core.env.StandardEnvironment - Initialized StandardEnvironment with PropertySources [MapPropertySource@548715464 {name='systemProperties', properties={java.runtime.name=Java(TM) SE Runtime Environment, sun.boot.library.path=/usr/lib/jvm/java-8-oracle/jre/lib/amd64, java.vm.version=25.171-b11, java.vm.vendor=Oracle Corporation, java.vendor.url=http://java.oracle.com/, path.separator=:, java.vm.name=Java HotSpot(TM) 64-Bit Server VM, file.encoding.pkg=sun.io, sun.java.launcher=SUN_STANDARD, user.country=ES, sun.os.patch.level=unknown, java.vm.specification.name=Java Virtual Machine Specification, user.dir=/home/sebastian/Documentos/tdb/spring1/Taller2-TBD, java.runtime.version=1.8.0_171-b11, java.awt.graphicsenv=sun.awt.X11GraphicsEnvironment, java.endorsed.dirs=/usr/lib/jvm/java-8-oracle/jre/lib/endorsed, os.arch=amd64, java.io.tmpdir=/tmp, line.separator=
, java.vm.specification.vendor=Oracle Corporation, user.variant=, os.name=Linux, sun.jnu.encoding=UTF-8, java.library.path=/usr/java/packages/lib/amd64:/usr/lib64:/lib64:/lib:/usr/lib, java.specification.name=Java Platform API Specification, java.class.version=52.0, org.gradle.native=false, sun.management.compiler=HotSpot 64-Bit Tiered Compilers, os.version=4.4.0-124-generic, user.home=/home/sebastian, user.timezone=America/Santiago, java.awt.printerjob=sun.print.PSPrinterJob, file.encoding=UTF-8, java.specification.version=1.8, java.class.path=/home/sebastian/Documentos/tdb/spring1/Taller2-TBD/build/classes/java/test:/home/sebastian/Documentos/tdb/spring1/Taller2-TBD/build/resources/test:/home/sebastian/Documentos/tdb/spring1/Taller2-TBD/build/classes/java/main:/home/sebastian/Documentos/tdb/spring1/Taller2-TBD/build/resources/main:/home/sebastian/.gradle/caches/modules-2/files-2.1/org.springframework.boot/spring-boot-starter-data-jpa/2.0.1.RELEASE/b7c701f60073e2d2b8a8f5502dcc39d4f65f45ff/spring-boot-starter-data-jpa-2.0.1.RELEASE.jar:/home/sebastian/.gradle/caches/modules-2/files-2.1/org.springframework.boot/spring-boot-starter-data-rest/2.0.1.RELEASE/2faa633a8ceb95c0820e56867eabc2bade198767/spring-boot-starter-data-rest-2.0.1.RELEASE.jar:/home/sebastian/.gradle/caches/modules-2/files-2.1/org.springframework.boot/spring-boot-starter-security/2.0.1.RELEASE/d573123d27bc3c7333fbc352eced092737c7303f/spring-boot-starter-security-2.0.1.RELEASE.jar:/home/sebastian/.gradle/caches/modules-2/files-2.1/org.springframework.boot/spring-boot-starter-web/2.0.1.RELEASE/88751ed76791d12425ce5a80476baf1749a44cf4/spring-boot-starter-web-2.0.1.RELEASE.jar:/home/sebastian/.gradle/caches/modules-2/files-2.1/org.apache.lucene/lucene-analyzers-common/7.3.0/4325a5cdf8d3fa23f326cd86a2297fee2bc844f5/lucene-analyzers-common-7.3.0.jar:/home/sebastian/.gradle/caches/modules-2/files-2.1/org.apache.lucene/lucene-queryparser/7.3.0/95b2563e5337377dde2eb987b3fce144be5e7a77/lucene-queryparser-7.3.0.jar:/home/sebastian/.gradle/caches/modules-2/files-2.1/org.apache.lucene/lucene-queries/7.3.0/6292a5579a6ab3423ceca60d2ea41cd86481e7c0/lucene-queries-7.3.0.jar:/home/sebastian/.gradle/caches/modules-2/files-2.1/org.apache.lucene/lucene-codecs/7.3.0/9b52019143232c0e15888b7ef56d2384377a1c19/lucene-codecs-7.3.0.jar:/home/sebastian/.gradle/caches/modules-2/files-2.1/org.apache.lucene/lucene-core/7.3.0/40e2de30c5e6bad868b144e371730200719ceb3/lucene-core-7.3.0.jar:/home/sebastian/.gradle/caches/modules-2/files-2.1/org.mongodb/mongo-java-driver/3.8.0-beta2/5f6820be07777cf812cf118d6fbd8518c8014ec1/mongo-java-driver-3.8.0-beta2.jar:/home/sebastian/.gradle/caches/modules-2/files-2.1/org.mongodb/mongodb-driver-core/3.8.0-beta2/83f19e5aa4e7586da64f96fadea8959702bff2a0/mongodb-driver-core-3.8.0-beta2.jar:/home/sebastian/.gradle/caches/modules-2/files-2.1/org.apache.opennlp/opennlp-tools/1.8.4/dc1dd0bfdee4a4bc98924180da5a8e61b3a50bdd/opennlp-tools-1.8.4.jar:/home/sebastian/.gradle/caches/modules-2/files-2.1/mysql/mysql-connector-java/5.1.46/9a3e63b387e376364211e96827bc27db8d7a92e9/mysql-connector-java-5.1.46.jar:/home/sebastian/.gradle/caches/modules-2/files-2.1/org.springframework.boot/spring-boot-starter-test/2.0.1.RELEASE/d6204ede44fa7e1df01d25509837bfa4b767fa28/spring-boot-starter-test-2.0.1.RELEASE.jar:/home/sebastian/.gradle/caches/modules-2/files-2.1/org.springframework.security/spring-security-test/5.0.4.RELEASE/18ccfce134afadf7c5f163fcb93ff29b4cfe3ed9/spring-security-test-5.0.4.RELEASE.jar:/home/sebastian/.gradle/caches/modules-2/files-2.1/org.springframework.boot/spring-boot-starter-aop/2.0.1.RELEASE/c7f7b5b5e63edca2fb04899d13d8bad83377b4b3/spring-boot-starter-aop-2.0.1.RELEASE.jar:/home/sebastian/.gradle/caches/modules-2/files-2.1/org.springframework.boot/spring-boot-starter-jdbc/2.0.1.RELEASE/a22a7ac74388118938bfcd894318cd0c5a7c380b/spring-boot-starter-jdbc-2.0.1.RELEASE.jar:/home/sebastian/.gradle/caches/modules-2/files-2.1/org.springframework.boot/spring-boot-starter-json/2.0.1.RELEASE/f2e1aeeb1ac02bfa1b4f7254633484af1866fc65/spring-boot-starter-json-2.0.1.RELEASE.jar:/home/sebastian/.gradle/caches/modules-2/files-2.1/org.springframework.boot/spring-boot-starter/2.0.1.RELEASE/33abc1286b0aabea4f08ff4285d09e587835a716/spring-boot-starter-2.0.1.RELEASE.jar:/home/sebastian/.gradle/caches/modules-2/files-2.1/org.hibernate/hibernate-core/5.2.16.Final/c169565556721e21e9bdc193a3e8e25160a45468/hibernate-core-5.2.16.Final.jar:/home/sebastian/.gradle/caches/modules-2/files-2.1/javax.transaction/javax.transaction-api/1.2/d81aff979d603edd90dcd8db2abc1f4ce6479e3e/javax.transaction-api-1.2.jar:/home/sebastian/.gradle/caches/modules-2/files-2.1/org.springframework.data/spring-data-jpa/2.0.6.RELEASE/2c683dfbd06551bfd6cc7e05f9d13f5c54c79ba/spring-data-jpa-2.0.6.RELEASE.jar:/home/sebastian/.gradle/caches/modules-2/files-2.1/org.springframework/spring-aspects/5.0.5.RELEASE/34994566374425cfdf82634720b010ed20be512d/spring-aspects-5.0.5.RELEASE.jar:/home/sebastian/.gradle/caches/modules-2/files-2.1/org.springframework.data/spring-data-rest-webmvc/3.0.6.RELEASE/8876124e689885cf2eacdce5887125052675a2fe/spring-data-rest-webmvc-3.0.6.RELEASE.jar:/home/sebastian/.gradle/caches/modules-2/files-2.1/org.springframework.security/spring-security-config/5.0.4.RELEASE/355fc8c3d1c61fe85915082587946ad346250d85/spring-security-config-5.0.4.RELEASE.jar:/home/sebastian/.gradle/caches/modules-2/files-2.1/org.springframework.security/spring-security-web/5.0.4.RELEASE/bd2592c928d043f70742fd8ae409f751a63132dd/spring-security-web-5.0.4.RELEASE.jar:/home/sebastian/.gradle/caches/modules-2/files-2.1/org.springframework.data/spring-data-rest-core/3.0.6.RELEASE/e8e75aa0c35f5b7be049b3c29fd512a9c72a0936/spring-data-rest-core-3.0.6.RELEASE.jar:/home/sebastian/.gradle/caches/modules-2/files-2.1/org.springframework.hateoas/spring-hateoas/0.24.0.RELEASE/b6401a781a58e0b2ab95242a553683e04300fe69/spring-hateoas-0.24.0.RELEASE.jar:/home/sebastian/.gradle/caches/modules-2/files-2.1/org.springframework/spring-webmvc/5.0.5.RELEASE/a7fd53c7ad06b0fa7dd4ff347de1b2dc508739e/spring-webmvc-5.0.5.RELEASE.jar:/home/sebastian/.gradle/caches/modules-2/files-2.1/org.springframework.security/spring-security-core/5.0.4.RELEASE/f2924cd62fa8b14546b2b3c31dcd9e55abf9a5e/spring-security-core-5.0.4.RELEASE.jar:/home/sebastian/.gradle/caches/modules-2/files-2.1/org.springframework.boot/spring-boot-test-autoconfigure/2.0.1.RELEASE/c7a68c07f2a04323a67740f91d20818ec2e783b3/spring-boot-test-autoconfigure-2.0.1.RELEASE.jar:/home/sebastian/.gradle/caches/modules-2/files-2.1/org.springframework.boot/spring-boot-test/2.0.1.RELEASE/77cede07b0e9da6c87d0dabcfe3e53ac56747d73/spring-boot-test-2.0.1.RELEASE.jar:/home/sebastian/.gradle/caches/modules-2/files-2.1/org.springframework.boot/spring-boot-autoconfigure/2.0.1.RELEASE/b0bf9d34ed70c6987a86cd58a009065e5fa02545/spring-boot-autoconfigure-2.0.1.RELEASE.jar:/home/sebastian/.gradle/caches/modules-2/files-2.1/org.springframework.boot/spring-boot/2.0.1.RELEASE/b8c5b14cbb0e52fdded8f98a8c1493cc74c7cf59/spring-boot-2.0.1.RELEASE.jar:/home/sebastian/.gradle/caches/modules-2/files-2.1/org.springframework.plugin/spring-plugin-core/1.2.0.RELEASE/f380e7760032e7d929184f8ad8a33716b75c0657/spring-plugin-core-1.2.0.RELEASE.jar:/home/sebastian/.gradle/caches/modules-2/files-2.1/org.springframework/spring-context/5.0.5.RELEASE/9cca4bf5acb693249a01c218f471c677b951d6e2/spring-context-5.0.5.RELEASE.jar:/home/sebastian/.gradle/caches/modules-2/files-2.1/org.springframework/spring-aop/5.0.5.RELEASE/b11b61b94d7fb752a1c9bf3461d655c3084fae47/spring-aop-5.0.5.RELEASE.jar:/home/sebastian/.gradle/caches/modules-2/files-2.1/org.springframework.boot/spring-boot-starter-tomcat/2.0.1.RELEASE/4b46f4aaff6c8a5a1c8184996d5e9e8a9354db8d/spring-boot-starter-tomcat-2.0.1.RELEASE.jar:/home/sebastian/.gradle/caches/modules-2/files-2.1/org.hibernate.validator/hibernate-validator/6.0.9.Final/b149e4cce82379f11f6129eb3187ca8ae5404005/hibernate-validator-6.0.9.Final.jar:/home/sebastian/.gradle/caches/modules-2/files-2.1/org.springframework/spring-web/5.0.5.RELEASE/d51dbb5cabe72ae02e400577bac48f7fc94088de/spring-web-5.0.5.RELEASE.jar:/home/sebastian/.gradle/caches/modules-2/files-2.1/org.apache.lucene/lucene-sandbox/7.3.0/1efd2fa7cba1e359e3fbb8b4c11cab37024b2178/lucene-sandbox-7.3.0.jar:/home/sebastian/.gradle/caches/modules-2/files-2.1/org.mongodb/bson/3.6.3/6c85ddf1fc96eb8776213bef6665d005a564ecd3/bson-3.6.3.jar:/home/sebastian/.gradle/caches/modules-2/files-2.1/com.jayway.jsonpath/json-path/2.4.0/765a4401ceb2dc8d40553c2075eb80a8fa35c2ae/json-path-2.4.0.jar:/home/sebastian/.gradle/caches/modules-2/files-2.1/junit/junit/4.12/2973d150c0dc1fefe998f834810d68f278ea58ec/junit-4.12.jar:/home/sebastian/.gradle/caches/modules-2/files-2.1/org.assertj/assertj-core/3.9.1/c5ce126b15f28d56cd8f960c1a6a058b9c9aea87/assertj-core-3.9.1.jar:/home/sebastian/.gradle/caches/modules-2/files-2.1/org.mockito/mockito-core/2.15.0/b84bfbbc29cd22c9529409627af6ea2897f4fa85/mockito-core-2.15.0.jar:/home/sebastian/.gradle/caches/modules-2/files-2.1/org.hamcrest/hamcrest-library/1.3/4785a3c21320980282f9f33d0d1264a69040538f/hamcrest-library-1.3.jar:/home/sebastian/.gradle/caches/modules-2/files-2.1/org.hamcrest/hamcrest-core/1.3/42a25dc3219429f0e5d060061f71acb49bf010a0/hamcrest-core-1.3.jar:/home/sebastian/.gradle/caches/modules-2/files-2.1/org.skyscreamer/jsonassert/1.5.0/6c9d5fe2f59da598d9aefc1cfc6528ff3cf32df3/jsonassert-1.5.0.jar:/home/sebastian/.gradle/caches/modules-2/files-2.1/org.springframework/spring-test/5.0.5.RELEASE/f7e3b83447e54056a91de1294ae6888343648dff/spring-test-5.0.5.RELEASE.jar:/home/sebastian/.gradle/caches/modules-2/files-2.1/org.springframework/spring-orm/5.0.5.RELEASE/6734f5ef4c2ebf1d00021fd4b314138f10792174/spring-orm-5.0.5.RELEASE.jar:/home/sebastian/.gradle/caches/modules-2/files-2.1/org.springframework/spring-jdbc/5.0.5.RELEASE/456bc4d2281c37aa2f2206651a3048a1d3559d2a/spring-jdbc-5.0.5.RELEASE.jar:/home/sebastian/.gradle/caches/modules-2/files-2.1/org.springframework/spring-tx/5.0.5.RELEASE/b772fbba533da282adc89f33e2619ee8a8bba601/spring-tx-5.0.5.RELEASE.jar:/home/sebastian/.gradle/caches/modules-2/files-2.1/org.springframework.data/spring-data-commons/2.0.6.RELEASE/4d65fdcbe258961e866f4f85c87c13193bbfd18c/spring-data-commons-2.0.6.RELEASE.jar:/home/sebastian/.gradle/caches/modules-2/files-2.1/org.springframework/spring-beans/5.0.5.RELEASE/984445863c0bbdaaf860615762d998b471a6bf92/spring-beans-5.0.5.RELEASE.jar:/home/sebastian/.gradle/caches/modules-2/files-2.1/org.springframework/spring-expression/5.0.5.RELEASE/fc6c7a95aeb7d00f4c65c338b08d97767eb0dd99/spring-expression-5.0.5.RELEASE.jar:/home/sebastian/.gradle/caches/modules-2/files-2.1/org.springframework/spring-core/5.0.5.RELEASE/1bd9feb1d9dac6accd27f5244b6c47cfcb55045c/spring-core-5.0.5.RELEASE.jar:/home/sebastian/.gradle/caches/modules-2/files-2.1/org.xmlunit/xmlunit-core/2.5.1/4ffdb346572a7356f7521cd3119ce5287d2e339d/xmlunit-core-2.5.1.jar:/home/sebastian/.gradle/caches/modules-2/files-2.1/org.springframework.boot/spring-boot-starter-logging/2.0.1.RELEASE/10681a28c95e9f9c0159327a1ed0c860517c7ad7/spring-boot-starter-logging-2.0.1.RELEASE.jar:/home/sebastian/.gradle/caches/modules-2/files-2.1/javax.annotation/javax.annotation-api/1.3.2/934c04d3cfef185a8008e7bf34331b79730a9d43/javax.annotation-api-1.3.2.jar:/home/sebastian/.gradle/caches/modules-2/files-2.1/org.yaml/snakeyaml/1.19/2d998d3d674b172a588e54ab619854d073f555b5/snakeyaml-1.19.jar:/home/sebastian/.gradle/caches/modules-2/files-2.1/org.aspectj/aspectjweaver/1.8.13/ad94df2a28d658a40dc27bbaff6a1ce5fbf04e9b/aspectjweaver-1.8.13.jar:/home/sebastian/.gradle/caches/modules-2/files-2.1/com.zaxxer/HikariCP/2.7.8/4a3a604fa2efa89621aa498d04e000b2bed90c39/HikariCP-2.7.8.jar:/home/sebastian/.gradle/caches/modules-2/files-2.1/org.hibernate.common/hibernate-commons-annotations/5.0.1.Final/71e1cff3fcb20d3b3af4f3363c3ddb24d33c6879/hibernate-commons-annotations-5.0.1.Final.jar:/home/sebastian/.gradle/caches/modules-2/files-2.1/org.jboss.logging/jboss-logging/3.3.2.Final/3789d00e859632e6c6206adc0c71625559e6e3b0/jboss-logging-3.3.2.Final.jar:/home/sebastian/.gradle/caches/modules-2/files-2.1/org.hibernate.javax.persistence/hibernate-jpa-2.1-api/1.0.0.Final/5e731d961297e5a07290bfaf3db1fbc8bbbf405a/hibernate-jpa-2.1-api-1.0.0.Final.jar:/home/sebastian/.gradle/caches/modules-2/files-2.1/org.javassist/javassist/3.22.0-GA/3e83394258ae2089be7219b971ec21a8288528ad/javassist-3.22.0-GA.jar:/home/sebastian/.gradle/caches/modules-2/files-2.1/antlr/antlr/2.7.7/83cd2cd674a217ade95a4bb83a8a14f351f48bd0/antlr-2.7.7.jar:/home/sebastian/.gradle/caches/modules-2/files-2.1/org.jboss/jandex/2.0.3.Final/bfc4d6257dbff7a33a357f0de116be6ff951d849/jandex-2.0.3.Final.jar:/home/sebastian/.gradle/caches/modules-2/files-2.1/com.fasterxml/classmate/1.3.4/3d5f48f10bbe4eb7bd862f10c0583be2e0053c6/classmate-1.3.4.jar:/home/sebastian/.gradle/caches/modules-2/files-2.1/dom4j/dom4j/1.6.1/5d3ccc056b6f056dbf0dddfdf43894b9065a8f94/dom4j-1.6.1.jar:/home/sebastian/.gradle/caches/modules-2/files-2.1/ch.qos.logback/logback-classic/1.2.3/7c4f3c474fb2c041d8028740440937705ebb473a/logback-classic-1.2.3.jar:/home/sebastian/.gradle/caches/modules-2/files-2.1/org.apache.logging.log4j/log4j-to-slf4j/2.10.0/f7e631ccf49cfc0aefa4a2a728da7d374c05bd3c/log4j-to-slf4j-2.10.0.jar:/home/sebastian/.gradle/caches/modules-2/files-2.1/org.slf4j/jul-to-slf4j/1.7.25/af5364cd6679bfffb114f0dec8a157aaa283b76/jul-to-slf4j-1.7.25.jar:/home/sebastian/.gradle/caches/modules-2/files-2.1/org.slf4j/slf4j-api/1.7.25/da76ca59f6a57ee3102f8f9bd9cee742973efa8a/slf4j-api-1.7.25.jar:/home/sebastian/.gradle/caches/modules-2/files-2.1/com.fasterxml.jackson.datatype/jackson-datatype-jdk8/2.9.5/23e37f085279ba316c0df923513b81609e1d1f6/jackson-datatype-jdk8-2.9.5.jar:/home/sebastian/.gradle/caches/modules-2/files-2.1/com.fasterxml.jackson.datatype/jackson-datatype-jsr310/2.9.5/d1f0d11e816bc04e222a261106ca138801841c2d/jackson-datatype-jsr310-2.9.5.jar:/home/sebastian/.gradle/caches/modules-2/files-2.1/com.fasterxml.jackson.module/jackson-module-parameter-names/2.9.5/f824c60751ffb7bfc3a0d30dfe0e42317d8e67f5/jackson-module-parameter-names-2.9.5.jar:/home/sebastian/.gradle/caches/modules-2/files-2.1/com.fasterxml.jackson.core/jackson-databind/2.9.5/3490508379d065fe3fcb80042b62f630f7588606/jackson-databind-2.9.5.jar:/home/sebastian/.gradle/caches/modules-2/files-2.1/com.fasterxml.jackson.core/jackson-annotations/2.9.0/7c10d545325e3a6e72e06381afe469fd40eb701/jackson-annotations-2.9.0.jar:/home/sebastian/.gradle/caches/modules-2/files-2.1/org.apache.tomcat.embed/tomcat-embed-websocket/8.5.29/37786f4ca8a1597a91a0f437e659a76d1fcc5bf1/tomcat-embed-websocket-8.5.29.jar:/home/sebastian/.gradle/caches/modules-2/files-2.1/org.apache.tomcat.embed/tomcat-embed-core/8.5.29/51eac5adde4bc019261b787cb99e5548206908e6/tomcat-embed-core-8.5.29.jar:/home/sebastian/.gradle/caches/modules-2/files-2.1/org.apache.tomcat.embed/tomcat-embed-el/8.5.29/893fb2c87ec1aa248a7911d76c0c06b3fca6bc9b/tomcat-embed-el-8.5.29.jar:/home/sebastian/.gradle/caches/modules-2/files-2.1/javax.validation/validation-api/2.0.1.Final/cb855558e6271b1b32e716d24cb85c7f583ce09e/validation-api-2.0.1.Final.jar:/home/sebastian/.gradle/caches/modules-2/files-2.1/net.minidev/json-smart/2.3/7396407491352ce4fa30de92efb158adb76b5b/json-smart-2.3.jar:/home/sebastian/.gradle/caches/modules-2/files-2.1/net.bytebuddy/byte-buddy/1.7.11/f02857a4e2c66ccbe7aaad6100a0a6c461bce9b3/byte-buddy-1.7.11.jar:/home/sebastian/.gradle/caches/modules-2/files-2.1/net.bytebuddy/byte-buddy-agent/1.7.11/b425a8933ca07edd03c6dbc8bc3b595fba9780de/byte-buddy-agent-1.7.11.jar:/home/sebastian/.gradle/caches/modules-2/files-2.1/org.objenesis/objenesis/2.6/639033469776fd37c08358c6b92a4761feb2af4b/objenesis-2.6.jar:/home/sebastian/.gradle/caches/modules-2/files-2.1/com.vaadin.external.google/android-json/0.0.20131108.vaadin1/fa26d351fe62a6a17f5cda1287c1c6110dec413f/android-json-0.0.20131108.vaadin1.jar:/home/sebastian/.gradle/caches/modules-2/files-2.1/org.springframework/spring-jcl/5.0.5.RELEASE/f4a2854b9d865e8b86717595aec16f877f8c6489/spring-jcl-5.0.5.RELEASE.jar:/home/sebastian/.gradle/caches/modules-2/files-2.1/com.fasterxml.jackson.core/jackson-core/2.9.5/a22ac51016944b06fd9ffbc9541c6e7ce5eea117/jackson-core-2.9.5.jar:/home/sebastian/.gradle/caches/modules-2/files-2.1/org.atteo/evo-inflector/1.2.2/2551aad98d65ac5464d81fe05f0e1516cfe471c9/evo-inflector-1.2.2.jar:/home/sebastian/.gradle/caches/modules-2/files-2.1/net.minidev/accessors-smart/1.2/c592b500269bfde36096641b01238a8350f8aa31/accessors-smart-1.2.jar:/home/sebastian/.gradle/caches/modules-2/files-2.1/ch.qos.logback/logback-core/1.2.3/864344400c3d4d92dfeb0a305dc87d953677c03c/logback-core-1.2.3.jar:/home/sebastian/.gradle/caches/modules-2/files-2.1/org.apache.logging.log4j/log4j-api/2.10.0/fec5797a55b786184a537abd39c3fa1449d752d6/log4j-api-2.10.0.jar:/home/sebastian/.gradle/caches/modules-2/files-2.1/org.ow2.asm/asm/5.0.4/da08b8cce7bbf903602a25a3a163ae252435795/asm-5.0.4.jar, user.name=sebastian, java.vm.specification.version=1.8, sun.java.command=worker.org.gradle.process.internal.worker.GradleWorkerMain 'Gradle Test Executor 1', java.home=/usr/lib/jvm/java-8-oracle/jre, sun.arch.data.model=64, user.language=es, java.specification.vendor=Oracle Corporation, awt.toolkit=sun.awt.X11.XToolkit, java.vm.info=mixed mode, java.version=1.8.0_171, java.ext.dirs=/usr/lib/jvm/java-8-oracle/jre/lib/ext:/usr/java/packages/lib/ext, sun.boot.class.path=/usr/lib/jvm/java-8-oracle/jre/lib/resources.jar:/usr/lib/jvm/java-8-oracle/jre/lib/rt.jar:/usr/lib/jvm/java-8-oracle/jre/lib/sunrsasign.jar:/usr/lib/jvm/java-8-oracle/jre/lib/jsse.jar:/usr/lib/jvm/java-8-oracle/jre/lib/jce.jar:/usr/lib/jvm/java-8-oracle/jre/lib/charsets.jar:/usr/lib/jvm/java-8-oracle/jre/lib/jfr.jar:/usr/lib/jvm/java-8-oracle/jre/classes, java.vendor=Oracle Corporation, org.gradle.test.worker=1, file.separator=/, java.vendor.url.bug=http://bugreport.sun.com/bugreport/, sun.io.unicode.encoding=UnicodeLittle, sun.cpu.endian=little, sun.desktop=gnome, sun.cpu.isalist=}}, SystemEnvironmentPropertySource@521840207 {name='systemEnvironment', properties={PATH=/home/sebastian/.sdkman/candidates/gradle/current/bin:/home/sebastian/.nvm/versions/node/v9.10.1/bin:/opt/maven/bin:/usr/local/sbin:/usr/local/bin:/usr/sbin:/usr/bin:/sbin:/bin:/usr/games:/usr/local/games:/snap/bin:/usr/lib/jvm/java-8-oracle/bin:/usr/lib/jvm/java-8-oracle/db/bin:/usr/lib/jvm/java-8-oracle/jre/bin, LC_MEASUREMENT=es_CL.UTF-8, XAUTHORITY=/home/sebastian/.Xauthority, SDKMAN_VERSION=5.6.3+299, XMODIFIERS=, LC_TELEPHONE=es_CL.UTF-8, XDG_DATA_DIRS=/usr/share/ubuntu:/usr/share/gnome:/usr/local/share:/usr/share:/var/lib/snapd/desktop:/var/lib/snapd/desktop, GDMSESSION=ubuntu, MANDATORY_PATH=/usr/share/gconf/ubuntu.mandatory.path, LC_TIME=es_CL.UTF-8, GTK_IM_MODULE=, DBUS_SESSION_BUS_ADDRESS=unix:abstract=/tmp/dbus-lVTfXVQIPh, DEFAULTS_PATH=/usr/share/gconf/ubuntu.default.path, XDG_CURRENT_DESKTOP=Unity, QT4_IM_MODULE=, UPSTART_SESSION=unix:abstract=/com/ubuntu/upstart-session/1000/2714, LC_PAPER=es_CL.UTF-8, SDKMAN_DIR=/home/sebastian/.sdkman, QT_LINUX_ACCESSIBILITY_ALWAYS_ON=1, LOGNAME=sebastian, JOB=gnome-session, PWD=/home/sebastian/Documentos/tdb/spring1/Taller2-TBD, DERBY_HOME=/usr/lib/jvm/java-8-oracle/db, IM_CONFIG_PHASE=1, LANGUAGE=es:en, WINDOWID=56623114, NVM_CD_FLAGS=, SHELL=/bin/bash, LESSOPEN=| /usr/bin/lesspipe %s, LC_ADDRESS=es_CL.UTF-8, GTK2_MODULES=overlay-scrollbar, INSTANCE=Unity, J2SDKDIR=/usr/lib/jvm/java-8-oracle, OLDPWD=/home/sebastian/.sdkman/candidates/gradle/current, UPSTART_INSTANCE=, GNOME_DESKTOP_SESSION_ID=this-is-deprecated, GTK_MODULES=gail:atk-bridge:unity-gtk-module, J2REDIR=/usr/lib/jvm/java-8-oracle/jre, CLUTTER_IM_MODULE=, XDG_SESSION_PATH=/org/freedesktop/DisplayManager/Session0, M2_HOME=/opt/maven, SESSIONTYPE=gnome-session, XDG_SESSION_DESKTOP=ubuntu, LS_COLORS=rs=0:di=01;34:ln=01;36:mh=00:pi=40;33:so=01;35:do=01;35:bd=40;33;01:cd=40;33;01:or=40;31;01:mi=00:su=37;41:sg=30;43:ca=30;41:tw=30;42:ow=34;42:st=37;44:ex=01;32:*.tar=01;31:*.tgz=01;31:*.arc=01;31:*.arj=01;31:*.taz=01;31:*.lha=01;31:*.lz4=01;31:*.lzh=01;31:*.lzma=01;31:*.tlz=01;31:*.txz=01;31:*.tzo=01;31:*.t7z=01;31:*.zip=01;31:*.z=01;31:*.Z=01;31:*.dz=01;31:*.gz=01;31:*.lrz=01;31:*.lz=01;31:*.lzo=01;31:*.xz=01;31:*.bz2=01;31:*.bz=01;31:*.tbz=01;31:*.tbz2=01;31:*.tz=01;31:*.deb=01;31:*.rpm=01;31:*.jar=01;31:*.war=01;31:*.ear=01;31:*.sar=01;31:*.rar=01;31:*.alz=01;31:*.ace=01;31:*.zoo=01;31:*.cpio=01;31:*.7z=01;31:*.rz=01;31:*.cab=01;31:*.jpg=01;35:*.jpeg=01;35:*.gif=01;35:*.bmp=01;35:*.pbm=01;35:*.pgm=01;35:*.ppm=01;35:*.tga=01;35:*.xbm=01;35:*.xpm=01;35:*.tif=01;35:*.tiff=01;35:*.png=01;35:*.svg=01;35:*.svgz=01;35:*.mng=01;35:*.pcx=01;35:*.mov=01;35:*.mpg=01;35:*.mpeg=01;35:*.m2v=01;35:*.mkv=01;35:*.webm=01;35:*.ogm=01;35:*.mp4=01;35:*.m4v=01;35:*.mp4v=01;35:*.vob=01;35:*.qt=01;35:*.nuv=01;35:*.wmv=01;35:*.asf=01;35:*.rm=01;35:*.rmvb=01;35:*.flc=01;35:*.avi=01;35:*.fli=01;35:*.flv=01;35:*.gl=01;35:*.dl=01;35:*.xcf=01;35:*.xwd=01;35:*.yuv=01;35:*.cgm=01;35:*.emf=01;35:*.ogv=01;35:*.ogx=01;35:*.aac=00;36:*.au=00;36:*.flac=00;36:*.m4a=00;36:*.mid=00;36:*.midi=00;36:*.mka=00;36:*.mp3=00;36:*.mpc=00;36:*.ogg=00;36:*.ra=00;36:*.wav=00;36:*.oga=00;36:*.opus=00;36:*.spx=00;36:*.xspf=00;36:, SDKMAN_CURRENT_API=https://api.sdkman.io/2, SHLVL=1, LC_IDENTIFICATION=es_CL.UTF-8, LESSCLOSE=/usr/bin/lesspipe %s %s, LC_MONETARY=es_CL.UTF-8, COMPIZ_CONFIG_PROFILE=ubuntu, QT_IM_MODULE=, UPSTART_JOB=unity-settings-daemon, JAVA_HOME=/usr/lib/jvm/java-8-oracle, TERM=xterm-256color, XDG_CONFIG_DIRS=/etc/xdg/xdg-ubuntu:/usr/share/upstart/xdg:/etc/xdg, GNOME_KEYRING_CONTROL=, LANG=es_ES.UTF-8, XDG_SEAT_PATH=/org/freedesktop/DisplayManager/Seat0, XDG_SESSION_ID=c2, XDG_SESSION_TYPE=x11, GRADLE_HOME=/home/sebastian/.sdkman/candidates/gradle/current, DISPLAY=:0, QT_DEVICE_PIXEL_RATIO=auto, LC_NAME=es_CL.UTF-8, SDKMAN_CANDIDATES_DIR=/home/sebastian/.sdkman/candidates, _=/home/sebastian/.sdkman/candidates/gradle/current/bin/gradle, PT7HOME=/opt/pt, SDKMAN_LEGACY_API=https://api.sdkman.io/1, GDM_LANG=es_ES, NVM_DIR=/home/sebastian/.nvm, XDG_GREETER_DATA_DIR=/var/lib/lightdm-data/sebastian, UPSTART_EVENTS=started starting, GPG_AGENT_INFO=/home/sebastian/.gnupg/S.gpg-agent:0:1, DESKTOP_SESSION=ubuntu, SDKMAN_PLATFORM=Linux64, USER=sebastian, VTE_VERSION=4205, QT_ACCESSIBILITY=1, LC_NUMERIC=es_CL.UTF-8, SSH_AUTH_SOCK=/run/user/1000/keyring/ssh, XDG_SEAT=seat0, QT_QPA_PLATFORMTHEME=appmenu-qt5, XDG_VTNR=7, XDG_RUNTIME_DIR=/run/user/1000, NVM_BIN=/home/sebastian/.nvm/versions/node/v9.10.1/bin, HOME=/home/sebastian, GNOME_KEYRING_PID=}}]
18:56:58.289 [Test worker] DEBUG org.springframework.test.context.support.TestPropertySourceUtils - Adding inlined properties to environment: {spring.jmx.enabled=false, org.springframework.boot.test.context.SpringBootTestContextBootstrapper=true, server.port=-1}
18:56:58.290 [Test worker] DEBUG org.springframework.core.env.StandardEnvironment - Adding PropertySource 'Inlined Test Properties' with highest search precedence

  .   ____          _            __ _ _
 /\\ / ___'_ __ _ _(_)_ __  __ _ \ \ \ \
( ( )\___ | '_ | '_| | '_ \/ _` | \ \ \ \
 \\/  ___)| |_)| | | | | || (_| |  ) ) ) )
  '  |____| .__|_| |_|_| |_\__, | / / / /
 =========|_|==============|___/=/_/_/_/
 :: Spring Boot ::        (v2.0.1.RELEASE)

2018-05-21 18:56:58.622  INFO 4232 --- [    Test worker] Taller1db.TBD.TbdApplicationTests        : Starting TbdApplicationTests on sebastian with PID 4232 (started by sebastian in /home/sebastian/Documentos/tdb/spring1/Taller2-TBD)
2018-05-21 18:56:58.624  INFO 4232 --- [    Test worker] Taller1db.TBD.TbdApplicationTests        : No active profile set, falling back to default profiles: default
2018-05-21 18:56:58.690  INFO 4232 --- [    Test worker] o.s.w.c.s.GenericWebApplicationContext   : Refreshing org.springframework.web.context.support.GenericWebApplicationContext@5ab1c9cd: startup date [Mon May 21 18:56:58 CLT 2018]; root of context hierarchy
2018-05-21 18:56:59.922  INFO 4232 --- [    Test worker] o.s.b.f.s.DefaultListableBeanFactory     : Overriding bean definition for bean 'httpRequestHandlerAdapter' with a different definition: replacing [Root bean: class [null]; scope=; abstract=false; lazyInit=false; autowireMode=3; dependencyCheck=0; autowireCandidate=true; primary=false; factoryBeanName=org.springframework.web.servlet.config.annotation.DelegatingWebMvcConfiguration; factoryMethodName=httpRequestHandlerAdapter; initMethodName=null; destroyMethodName=(inferred); defined in class path resource [org/springframework/web/servlet/config/annotation/DelegatingWebMvcConfiguration.class]] with [Root bean: class [null]; scope=; abstract=false; lazyInit=false; autowireMode=3; dependencyCheck=0; autowireCandidate=true; primary=false; factoryBeanName=org.springframework.data.rest.webmvc.config.RepositoryRestMvcConfiguration; factoryMethodName=httpRequestHandlerAdapter; initMethodName=null; destroyMethodName=(inferred); defined in class path resource [org/springframework/data/rest/webmvc/config/RepositoryRestMvcConfiguration.class]]
2018-05-21 18:57:00.803  INFO 4232 --- [    Test worker] trationDelegate$BeanPostProcessorChecker : Bean 'org.springframework.transaction.annotation.ProxyTransactionManagementConfiguration' of type [org.springframework.transaction.annotation.ProxyTransactionManagementConfiguration$$EnhancerBySpringCGLIB$$338064f4] is not eligible for getting processed by all BeanPostProcessors (for example: not eligible for auto-proxying)
2018-05-21 18:57:01.188  INFO 4232 --- [    Test worker] com.zaxxer.hikari.HikariDataSource       : HikariPool-1 - Starting...
2018-05-21 18:57:03.652  INFO 4232 --- [    Test worker] com.zaxxer.hikari.HikariDataSource       : HikariPool-1 - Start completed.
2018-05-21 18:57:03.709  INFO 4232 --- [    Test worker] j.LocalContainerEntityManagerFactoryBean : Building JPA container EntityManagerFactory for persistence unit 'default'
2018-05-21 18:57:03.726  INFO 4232 --- [    Test worker] o.hibernate.jpa.internal.util.LogHelper  : HHH000204: Processing PersistenceUnitInfo [
	name: default
	...]
2018-05-21 18:57:03.816  INFO 4232 --- [    Test worker] org.hibernate.Version                    : HHH000412: Hibernate Core {5.2.16.Final}
2018-05-21 18:57:03.818  INFO 4232 --- [    Test worker] org.hibernate.cfg.Environment            : HHH000206: hibernate.properties not found
2018-05-21 18:57:03.871  INFO 4232 --- [    Test worker] o.hibernate.annotations.common.Version   : HCANN000001: Hibernate Commons Annotations {5.0.1.Final}
2018-05-21 18:57:04.007  INFO 4232 --- [    Test worker] org.hibernate.dialect.Dialect            : HHH000400: Using dialect: org.hibernate.dialect.MySQL5Dialect
Hibernate: alter table commune add constraint FKja35he8mksmnwnahehn4jj4ai foreign key (region_id) references region (region_id)
Hibernate: alter table keyword add constraint FKjttj66h8ar936qk9ne37jw49e foreign key (club_id_keyword) references club (club_id)
Hibernate: alter table statistics add constraint FK22c49u2sl0tls70ejsf55xf5u foreign key (club_id) references club (club_id)
Hibernate: alter table statistics_commune add constraint FK2e9iqfjenbl2vnx28x7as65bp foreign key (commune_id) references statistics (statistics_id)
Hibernate: alter table statistics_commune add constraint FKar9ns7s6ex0xdw6t5qgyexvve foreign key (statistics_id) references commune (commune_id)
2018-05-21 18:57:09.009  INFO 4232 --- [    Test worker] j.LocalContainerEntityManagerFactoryBean : Initialized JPA EntityManagerFactory for persistence unit 'default'
Indexing events with TwoPass using cutoff of 0

	Computing event counts...  done. 122928 events
	Indexing...  done.
Sorting and merging events... done. Reduced 122928 events to 122900.
Done indexing in 3,62 s.
Incorporating indexed data for training...  
done.
	Number of Event Tokens: 122900
	    Number of Outcomes: 2
	  Number of Predicates: 233791
...done.
Computing model parameters ...
Performing 100 iterations.
  1:  ... loglikelihood=-85207.19661171296	0.3503920994403228
  2:  ... loglikelihood=-68702.89247214163	0.800582454770272
  3:  ... loglikelihood=-59266.5165056945	0.8265081999219055
  4:  ... loglikelihood=-52839.11588975262	0.8513764154627099
  5:  ... loglikelihood=-47919.72732112784	0.8737553689964858
  6:  ... loglikelihood=-43907.812343001206	0.8932383183652219
  7:  ... loglikelihood=-40522.30523201456	0.9104597813354158
  8:  ... loglikelihood=-37607.64342989651	0.9244029025120396
  9:  ... loglikelihood=-35064.906555164074	0.9359299752700768
 10:  ... loglikelihood=-32824.82825390541	0.9458951581413511
 11:  ... loglikelihood=-30835.8598349153	0.9539486528699727
 12:  ... loglikelihood=-29058.152190968034	0.960139268514903
 13:  ... loglikelihood=-27460.124981123052	0.9652479500195236
 14:  ... loglikelihood=-26016.306521326052	0.969583821423923
 15:  ... loglikelihood=-24705.872677528085	0.9731712872575816
 16:  ... loglikelihood=-23511.609168148803	0.9763276064037485
 17:  ... loglikelihood=-22419.14979889514	0.9788494077834179
 18:  ... loglikelihood=-21416.40408064535	0.9811678380840817
 19:  ... loglikelihood=-20493.11958754739	0.9831527398151764
 20:  ... loglikelihood=-19640.54265403698	0.9846495509566575
 21:  ... loglikelihood=-18851.152217055776	0.9859836652349343
 22:  ... loglikelihood=-18118.44888258956	0.9870818690615645
 23:  ... loglikelihood=-17436.786207393867	0.9881393986723936
 24:  ... loglikelihood=-16801.23460132219	0.9890098268905375
 25:  ... loglikelihood=-16207.470681327031	0.9897907718339191
 26:  ... loglikelihood=-15651.686660195517	0.990409019914096
 27:  ... loglikelihood=-15130.515635929547	0.9909052453468697
 28:  ... loglikelihood=-14640.96959792652	0.9913689314070024
 29:  ... loglikelihood=-14180.387677089091	0.9920034491734999
 30:  ... loglikelihood=-13746.392704064541	0.9925240791357542
 31:  ... loglikelihood=-13336.854548841247	0.9928982819211246
 32:  ... loglikelihood=-12949.859029073406	0.9931911362748926
 33:  ... loglikelihood=-12583.68141754706	0.9935734739034231
 34:  ... loglikelihood=-12236.763768597319	0.9939151373161526
 35:  ... loglikelihood=-11907.695431924903	0.99418358714044
 36:  ... loglikelihood=-11595.196239637615	0.9944439021215671
 37:  ... loglikelihood=-11298.101945606915	0.9947286216321749
 38:  ... loglikelihood=-11015.351570832925	0.9950133411427827
 39:  ... loglikelihood=-10745.976368443973	0.9952085773786281
 40:  ... loglikelihood=-10489.09017041525	0.9953956787713133
 41:  ... loglikelihood=-10243.880917492683	0.9955909150071587
 42:  ... loglikelihood=-10009.603205920528	0.9957210724977222
 43:  ... loglikelihood=-9785.571710979504	0.9958512299882858
 44:  ... loglikelihood=-9571.155369051894	0.995932578419888
 45:  ... loglikelihood=-9365.772217935713	0.9961034101262528
 46:  ... loglikelihood=-9168.884810061007	0.9962905115189379
 47:  ... loglikelihood=-8979.996125759508	0.9964206690095015
 48:  ... loglikelihood=-8798.645924166096	0.9965589613432253
 49:  ... loglikelihood=-8624.40747811046	0.9966809839906287
 50:  ... loglikelihood=-8456.884646792294	0.9967704672653911
 51:  ... loglikelihood=-8295.709246267157	0.9968924899127944
 52:  ... loglikelihood=-8140.538683126931	0.9969738383443967
 53:  ... loglikelihood=-7991.053821273367	0.9970958609918
 54:  ... loglikelihood=-7846.957055563598	0.9972422881686841
 55:  ... loglikelihood=-7707.970569440044	0.9973073669139659
 56:  ... loglikelihood=-7573.834756480163	0.9973561759729273
 57:  ... loglikelihood=-7444.306788292665	0.9974293895613693
 58:  ... loglikelihood=-7319.159313287103	0.9974456592476897
 59:  ... loglikelihood=-7198.179272686415	0.9975514122087726
 60:  ... loglikelihood=-7081.166821747448	0.9976246257972147
 61:  ... loglikelihood=-6967.934345558237	0.9976978393856566
 62:  ... loglikelihood=-6858.305559950176	0.9977385136014577
 63:  ... loglikelihood=-6752.1146891717235	0.9978198620330601
 64:  ... loglikelihood=-6649.205712853182	0.9978524014057009
 65:  ... loglikelihood=-6549.431675629516	0.9979093453078225
 66:  ... loglikelihood=-6452.654053493439	0.9979825588962645
 67:  ... loglikelihood=-6358.742171574236	0.9980232331120656
 68:  ... loglikelihood=-6267.572668607327	0.9980557724847064
 69:  ... loglikelihood=-6179.0290038342455	0.9981045815436679
 70:  ... loglikelihood=-6093.001002517014	0.9981940648184303
 71:  ... loglikelihood=-6009.384436630266	0.9982266041910712
 72:  ... loglikelihood=-5928.080637642163	0.9982754132500326
 73:  ... loglikelihood=-5848.996138590617	0.9983323571521541
 74:  ... loglikelihood=-5772.0423429446755	0.9983730313679552
 75:  ... loglikelihood=-5697.13521796803	0.9984299752700768
 76:  ... loglikelihood=-5624.195010533508	0.9984462449563972
 77:  ... loglikelihood=-5553.145983517086	0.9984625146427177
 78:  ... loglikelihood=-5483.9161710824965	0.9984869191721983
 79:  ... loglikelihood=-5416.437151316992	0.9985194585448393
 80:  ... loglikelihood=-5350.643834825809	0.9985519979174802
 81:  ... loglikelihood=-5286.474268009222	0.9985926721332813
 82:  ... loglikelihood=-5223.869449864616	0.9986170766627619
 83:  ... loglikelihood=-5162.773161263183	0.9986333463490824
 84:  ... loglikelihood=-5103.131805727017	0.998657750878563
 85:  ... loglikelihood=-5044.894260836568	0.9986740205648835
 86:  ... loglikelihood=-4988.011739456777	0.9986902902512039
 87:  ... loglikelihood=-4932.437660042085	0.9987146947806846
 88:  ... loglikelihood=-4878.1275253541835	0.9987472341533256
 89:  ... loglikelihood=-4825.0388089643475	0.998763503839646
 90:  ... loglikelihood=-4773.130848974021	0.9987716386828062
 91:  ... loglikelihood=-4722.364748435526	0.9987797735259665
 92:  ... loglikelihood=-4672.70328198706	0.9987960432122869
 93:  ... loglikelihood=-4624.110808265016	0.9988204477417676
 94:  ... loglikelihood=-4576.55318768509	0.9988204477417676
 95:  ... loglikelihood=-4529.997705216885	0.998836717428088
 96:  ... loglikelihood=-4484.412997808303	0.9988448522712482
 97:  ... loglikelihood=-4439.768986141565	0.9988692568007289
 98:  ... loglikelihood=-4396.0368104223	0.9988855264870493
 99:  ... loglikelihood=-4353.188769935718	0.9988936613302095
100:  ... loglikelihood=-4311.198266112989	0.9989017961733698
2018-05-21 18:57:34.236  WARN 4232 --- [    Test worker] aWebConfiguration$JpaWebMvcConfiguration : spring.jpa.open-in-view is enabled by default. Therefore, database queries may be performed during view rendering. Explicitly configure spring.jpa.open-in-view to disable this warning
2018-05-21 18:57:34.315  INFO 4232 --- [    Test worker] s.w.s.m.m.a.RequestMappingHandlerMapping : Mapped "{[/club/{id}],methods=[GET]}" onto public Taller1db.TBD.Entities.Club Taller1db.TBD.Rest.ClubService.getClub(java.lang.Integer)
2018-05-21 18:57:34.318  INFO 4232 --- [    Test worker] s.w.s.m.m.a.RequestMappingHandlerMapping : Mapped "{[/club],methods=[GET]}" onto public java.util.List<Taller1db.TBD.Entities.Club> Taller1db.TBD.Rest.ClubService.getAllClub()
2018-05-21 18:57:34.320  INFO 4232 --- [    Test worker] s.w.s.m.m.a.RequestMappingHandlerMapping : Mapped "{[/statics],methods=[GET]}" onto public java.lang.Iterable<Taller1db.TBD.Entities.Statistics> Taller1db.TBD.Rest.StatisticsService.getAllStatitics()
2018-05-21 18:57:34.321  INFO 4232 --- [    Test worker] s.w.s.m.m.a.RequestMappingHandlerMapping : Mapped "{[/statics/{id}],methods=[GET]}" onto public Taller1db.TBD.Entities.Statistics Taller1db.TBD.Rest.StatisticsService.getStatic(java.lang.Integer)
2018-05-21 18:57:34.326  INFO 4232 --- [    Test worker] s.w.s.m.m.a.RequestMappingHandlerMapping : Mapped "{[/error],produces=[text/html]}" onto public org.springframework.web.servlet.ModelAndView org.springframework.boot.autoconfigure.web.servlet.error.BasicErrorController.errorHtml(javax.servlet.http.HttpServletRequest,javax.servlet.http.HttpServletResponse)
2018-05-21 18:57:34.327  INFO 4232 --- [    Test worker] s.w.s.m.m.a.RequestMappingHandlerMapping : Mapped "{[/error]}" onto public org.springframework.http.ResponseEntity<java.util.Map<java.lang.String, java.lang.Object>> org.springframework.boot.autoconfigure.web.servlet.error.BasicErrorController.error(javax.servlet.http.HttpServletRequest)
2018-05-21 18:57:34.556  INFO 4232 --- [    Test worker] s.w.s.m.m.a.RequestMappingHandlerAdapter : Looking for @ControllerAdvice: org.springframework.web.context.support.GenericWebApplicationContext@5ab1c9cd: startup date [Mon May 21 18:56:58 CLT 2018]; root of context hierarchy
2018-05-21 18:57:34.631  INFO 4232 --- [    Test worker] .m.m.a.ExceptionHandlerExceptionResolver : Detected @ExceptionHandler methods in repositoryRestExceptionHandler
2018-05-21 18:57:34.878  INFO 4232 --- [    Test worker] .s.s.UserDetailsServiceAutoConfiguration : 

Using generated security password: b84ac9dd-9cde-4df5-80cd-528f6b58c19a

2018-05-21 18:57:35.034  INFO 4232 --- [    Test worker] o.s.s.web.DefaultSecurityFilterChain     : Creating filter chain: org.springframework.security.web.util.matcher.AnyRequestMatcher@1, [org.springframework.security.web.context.request.async.WebAsyncManagerIntegrationFilter@20d8311f, org.springframework.security.web.context.SecurityContextPersistenceFilter@5006ca88, org.springframework.security.web.header.HeaderWriterFilter@5177b6, org.springframework.security.web.authentication.logout.LogoutFilter@a59ff6a, org.springframework.security.web.savedrequest.RequestCacheAwareFilter@7f11bd10, org.springframework.security.web.servletapi.SecurityContextHolderAwareRequestFilter@677819aa, org.springframework.security.web.authentication.AnonymousAuthenticationFilter@6fc7fd80, org.springframework.security.web.session.SessionManagementFilter@691df229, org.springframework.security.web.access.ExceptionTranslationFilter@6893b703]
2018-05-21 18:57:35.522  INFO 4232 --- [    Test worker] o.s.d.r.w.RepositoryRestHandlerAdapter   : Looking for @ControllerAdvice: org.springframework.web.context.support.GenericWebApplicationContext@5ab1c9cd: startup date [Mon May 21 18:56:58 CLT 2018]; root of context hierarchy
2018-05-21 18:57:35.542  INFO 4232 --- [    Test worker] o.s.d.r.w.RepositoryRestHandlerMapping   : Mapped "{[/{repository}/search],methods=[OPTIONS],produces=[application/hal+json || application/json]}" onto public org.springframework.http.HttpEntity<?> org.springframework.data.rest.webmvc.RepositorySearchController.optionsForSearches(org.springframework.data.rest.webmvc.RootResourceInformation)
2018-05-21 18:57:35.543  INFO 4232 --- [    Test worker] o.s.d.r.w.RepositoryRestHandlerMapping   : Mapped "{[/{repository}/search],methods=[HEAD],produces=[application/hal+json || application/json]}" onto public org.springframework.http.HttpEntity<?> org.springframework.data.rest.webmvc.RepositorySearchController.headForSearches(org.springframework.data.rest.webmvc.RootResourceInformation)
2018-05-21 18:57:35.543  INFO 4232 --- [    Test worker] o.s.d.r.w.RepositoryRestHandlerMapping   : Mapped "{[/{repository}/search],methods=[GET],produces=[application/hal+json || application/json]}" onto public org.springframework.data.rest.webmvc.RepositorySearchesResource org.springframework.data.rest.webmvc.RepositorySearchController.listSearches(org.springframework.data.rest.webmvc.RootResourceInformation)
2018-05-21 18:57:35.544  INFO 4232 --- [    Test worker] o.s.d.r.w.RepositoryRestHandlerMapping   : Mapped "{[/{repository}/search/{search}],methods=[GET],produces=[application/hal+json || application/json]}" onto public org.springframework.http.ResponseEntity<?> org.springframework.data.rest.webmvc.RepositorySearchController.executeSearch(org.springframework.data.rest.webmvc.RootResourceInformation,org.springframework.util.MultiValueMap<java.lang.String, java.lang.Object>,java.lang.String,org.springframework.data.rest.webmvc.support.DefaultedPageable,org.springframework.data.domain.Sort,org.springframework.data.rest.webmvc.PersistentEntityResourceAssembler,org.springframework.http.HttpHeaders)
2018-05-21 18:57:35.545  INFO 4232 --- [    Test worker] o.s.d.r.w.RepositoryRestHandlerMapping   : Mapped "{[/{repository}/search/{search}],methods=[GET],produces=[application/x-spring-data-compact+json]}" onto public org.springframework.hateoas.ResourceSupport org.springframework.data.rest.webmvc.RepositorySearchController.executeSearchCompact(org.springframework.data.rest.webmvc.RootResourceInformation,org.springframework.http.HttpHeaders,org.springframework.util.MultiValueMap<java.lang.String, java.lang.Object>,java.lang.String,java.lang.String,org.springframework.data.rest.webmvc.support.DefaultedPageable,org.springframework.data.domain.Sort,org.springframework.data.rest.webmvc.PersistentEntityResourceAssembler)
2018-05-21 18:57:35.546  INFO 4232 --- [    Test worker] o.s.d.r.w.RepositoryRestHandlerMapping   : Mapped "{[/{repository}/search/{search}],methods=[OPTIONS],produces=[application/hal+json || application/json]}" onto public org.springframework.http.ResponseEntity<java.lang.Object> org.springframework.data.rest.webmvc.RepositorySearchController.optionsForSearch(org.springframework.data.rest.webmvc.RootResourceInformation,java.lang.String)
2018-05-21 18:57:35.547  INFO 4232 --- [    Test worker] o.s.d.r.w.RepositoryRestHandlerMapping   : Mapped "{[/{repository}/search/{search}],methods=[HEAD],produces=[application/hal+json || application/json]}" onto public org.springframework.http.ResponseEntity<java.lang.Object> org.springframework.data.rest.webmvc.RepositorySearchController.headForSearch(org.springframework.data.rest.webmvc.RootResourceInformation,java.lang.String)
2018-05-21 18:57:35.551  INFO 4232 --- [    Test worker] o.s.d.r.w.RepositoryRestHandlerMapping   : Mapped "{[/{repository}/{id}/{property}],methods=[GET],produces=[application/hal+json || application/json]}" onto public org.springframework.http.ResponseEntity<org.springframework.hateoas.ResourceSupport> org.springframework.data.rest.webmvc.RepositoryPropertyReferenceController.followPropertyReference(org.springframework.data.rest.webmvc.RootResourceInformation,java.io.Serializable,java.lang.String,org.springframework.data.rest.webmvc.PersistentEntityResourceAssembler) throws java.lang.Exception
2018-05-21 18:57:35.552  INFO 4232 --- [    Test worker] o.s.d.r.w.RepositoryRestHandlerMapping   : Mapped "{[/{repository}/{id}/{property}/{propertyId}],methods=[GET],produces=[application/hal+json || application/json]}" onto public org.springframework.http.ResponseEntity<org.springframework.hateoas.ResourceSupport> org.springframework.data.rest.webmvc.RepositoryPropertyReferenceController.followPropertyReference(org.springframework.data.rest.webmvc.RootResourceInformation,java.io.Serializable,java.lang.String,java.lang.String,org.springframework.data.rest.webmvc.PersistentEntityResourceAssembler) throws java.lang.Exception
2018-05-21 18:57:35.553  INFO 4232 --- [    Test worker] o.s.d.r.w.RepositoryRestHandlerMapping   : Mapped "{[/{repository}/{id}/{property}],methods=[DELETE],produces=[application/hal+json || application/json]}" onto public org.springframework.http.ResponseEntity<? extends org.springframework.hateoas.ResourceSupport> org.springframework.data.rest.webmvc.RepositoryPropertyReferenceController.deletePropertyReference(org.springframework.data.rest.webmvc.RootResourceInformation,java.io.Serializable,java.lang.String) throws java.lang.Exception
2018-05-21 18:57:35.555  INFO 4232 --- [    Test worker] o.s.d.r.w.RepositoryRestHandlerMapping   : Mapped "{[/{repository}/{id}/{property}],methods=[GET],produces=[application/x-spring-data-compact+json || text/uri-list]}" onto public org.springframework.http.ResponseEntity<org.springframework.hateoas.ResourceSupport> org.springframework.data.rest.webmvc.RepositoryPropertyReferenceController.followPropertyReferenceCompact(org.springframework.data.rest.webmvc.RootResourceInformation,java.io.Serializable,java.lang.String,org.springframework.data.rest.webmvc.PersistentEntityResourceAssembler) throws java.lang.Exception
2018-05-21 18:57:35.556  INFO 4232 --- [    Test worker] o.s.d.r.w.RepositoryRestHandlerMapping   : Mapped "{[/{repository}/{id}/{property}],methods=[PATCH || PUT || POST],consumes=[application/json || application/x-spring-data-compact+json || text/uri-list],produces=[application/hal+json || application/json]}" onto public org.springframework.http.ResponseEntity<? extends org.springframework.hateoas.ResourceSupport> org.springframework.data.rest.webmvc.RepositoryPropertyReferenceController.createPropertyReference(org.springframework.data.rest.webmvc.RootResourceInformation,org.springframework.http.HttpMethod,org.springframework.hateoas.Resources<java.lang.Object>,java.io.Serializable,java.lang.String) throws java.lang.Exception
2018-05-21 18:57:35.557  INFO 4232 --- [    Test worker] o.s.d.r.w.RepositoryRestHandlerMapping   : Mapped "{[/{repository}/{id}/{property}/{propertyId}],methods=[DELETE],produces=[application/hal+json || application/json]}" onto public org.springframework.http.ResponseEntity<org.springframework.hateoas.ResourceSupport> org.springframework.data.rest.webmvc.RepositoryPropertyReferenceController.deletePropertyReferenceId(org.springframework.data.rest.webmvc.RootResourceInformation,java.io.Serializable,java.lang.String,java.lang.String) throws java.lang.Exception
2018-05-21 18:57:35.559  INFO 4232 --- [    Test worker] o.s.d.r.w.RepositoryRestHandlerMapping   : Mapped "{[/ || ],methods=[OPTIONS],produces=[application/hal+json || application/json]}" onto public org.springframework.http.HttpEntity<?> org.springframework.data.rest.webmvc.RepositoryController.optionsForRepositories()
2018-05-21 18:57:35.560  INFO 4232 --- [    Test worker] o.s.d.r.w.RepositoryRestHandlerMapping   : Mapped "{[/ || ],methods=[HEAD],produces=[application/hal+json || application/json]}" onto public org.springframework.http.ResponseEntity<?> org.springframework.data.rest.webmvc.RepositoryController.headForRepositories()
2018-05-21 18:57:35.560  INFO 4232 --- [    Test worker] o.s.d.r.w.RepositoryRestHandlerMapping   : Mapped "{[/ || ],methods=[GET],produces=[application/hal+json || application/json]}" onto public org.springframework.http.HttpEntity<org.springframework.data.rest.webmvc.RepositoryLinksResource> org.springframework.data.rest.webmvc.RepositoryController.listRepositories()
2018-05-21 18:57:35.563  INFO 4232 --- [    Test worker] o.s.d.r.w.RepositoryRestHandlerMapping   : Mapped "{[/{repository}],methods=[OPTIONS],produces=[application/hal+json || application/json]}" onto public org.springframework.http.ResponseEntity<?> org.springframework.data.rest.webmvc.RepositoryEntityController.optionsForCollectionResource(org.springframework.data.rest.webmvc.RootResourceInformation)
2018-05-21 18:57:35.564  INFO 4232 --- [    Test worker] o.s.d.r.w.RepositoryRestHandlerMapping   : Mapped "{[/{repository}],methods=[HEAD],produces=[application/hal+json || application/json]}" onto public org.springframework.http.ResponseEntity<?> org.springframework.data.rest.webmvc.RepositoryEntityController.headCollectionResource(org.springframework.data.rest.webmvc.RootResourceInformation,org.springframework.data.rest.webmvc.support.DefaultedPageable) throws org.springframework.web.HttpRequestMethodNotSupportedException
2018-05-21 18:57:35.565  INFO 4232 --- [    Test worker] o.s.d.r.w.RepositoryRestHandlerMapping   : Mapped "{[/{repository}],methods=[GET],produces=[application/hal+json || application/json]}" onto public org.springframework.hateoas.Resources<?> org.springframework.data.rest.webmvc.RepositoryEntityController.getCollectionResource(org.springframework.data.rest.webmvc.RootResourceInformation,org.springframework.data.rest.webmvc.support.DefaultedPageable,org.springframework.data.domain.Sort,org.springframework.data.rest.webmvc.PersistentEntityResourceAssembler) throws org.springframework.data.rest.webmvc.ResourceNotFoundException,org.springframework.web.HttpRequestMethodNotSupportedException
2018-05-21 18:57:35.566  INFO 4232 --- [    Test worker] o.s.d.r.w.RepositoryRestHandlerMapping   : Mapped "{[/{repository}],methods=[GET],produces=[application/x-spring-data-compact+json || text/uri-list]}" onto public org.springframework.hateoas.Resources<?> org.springframework.data.rest.webmvc.RepositoryEntityController.getCollectionResourceCompact(org.springframework.data.rest.webmvc.RootResourceInformation,org.springframework.data.rest.webmvc.support.DefaultedPageable,org.springframework.data.domain.Sort,org.springframework.data.rest.webmvc.PersistentEntityResourceAssembler) throws org.springframework.data.rest.webmvc.ResourceNotFoundException,org.springframework.web.HttpRequestMethodNotSupportedException
2018-05-21 18:57:35.567  INFO 4232 --- [    Test worker] o.s.d.r.w.RepositoryRestHandlerMapping   : Mapped "{[/{repository}],methods=[POST],produces=[application/hal+json || application/json]}" onto public org.springframework.http.ResponseEntity<org.springframework.hateoas.ResourceSupport> org.springframework.data.rest.webmvc.RepositoryEntityController.postCollectionResource(org.springframework.data.rest.webmvc.RootResourceInformation,org.springframework.data.rest.webmvc.PersistentEntityResource,org.springframework.data.rest.webmvc.PersistentEntityResourceAssembler,java.lang.String) throws org.springframework.web.HttpRequestMethodNotSupportedException
2018-05-21 18:57:35.568  INFO 4232 --- [    Test worker] o.s.d.r.w.RepositoryRestHandlerMapping   : Mapped "{[/{repository}/{id}],methods=[OPTIONS],produces=[application/hal+json || application/json]}" onto public org.springframework.http.ResponseEntity<?> org.springframework.data.rest.webmvc.RepositoryEntityController.optionsForItemResource(org.springframework.data.rest.webmvc.RootResourceInformation)
2018-05-21 18:57:35.569  INFO 4232 --- [    Test worker] o.s.d.r.w.RepositoryRestHandlerMapping   : Mapped "{[/{repository}/{id}],methods=[HEAD],produces=[application/hal+json || application/json]}" onto public org.springframework.http.ResponseEntity<?> org.springframework.data.rest.webmvc.RepositoryEntityController.headForItemResource(org.springframework.data.rest.webmvc.RootResourceInformation,java.io.Serializable,org.springframework.data.rest.webmvc.PersistentEntityResourceAssembler) throws org.springframework.web.HttpRequestMethodNotSupportedException
2018-05-21 18:57:35.570  INFO 4232 --- [    Test worker] o.s.d.r.w.RepositoryRestHandlerMapping   : Mapped "{[/{repository}/{id}],methods=[GET],produces=[application/hal+json || application/json]}" onto public org.springframework.http.ResponseEntity<org.springframework.hateoas.Resource<?>> org.springframework.data.rest.webmvc.RepositoryEntityController.getItemResource(org.springframework.data.rest.webmvc.RootResourceInformation,java.io.Serializable,org.springframework.data.rest.webmvc.PersistentEntityResourceAssembler,org.springframework.http.HttpHeaders) throws org.springframework.web.HttpRequestMethodNotSupportedException
2018-05-21 18:57:35.571  INFO 4232 --- [    Test worker] o.s.d.r.w.RepositoryRestHandlerMapping   : Mapped "{[/{repository}/{id}],methods=[PUT],produces=[application/hal+json || application/json]}" onto public org.springframework.http.ResponseEntity<? extends org.springframework.hateoas.ResourceSupport> org.springframework.data.rest.webmvc.RepositoryEntityController.putItemResource(org.springframework.data.rest.webmvc.RootResourceInformation,org.springframework.data.rest.webmvc.PersistentEntityResource,java.io.Serializable,org.springframework.data.rest.webmvc.PersistentEntityResourceAssembler,org.springframework.data.rest.webmvc.support.ETag,java.lang.String) throws org.springframework.web.HttpRequestMethodNotSupportedException
2018-05-21 18:57:35.572  INFO 4232 --- [    Test worker] o.s.d.r.w.RepositoryRestHandlerMapping   : Mapped "{[/{repository}/{id}],methods=[PATCH],produces=[application/hal+json || application/json]}" onto public org.springframework.http.ResponseEntity<org.springframework.hateoas.ResourceSupport> org.springframework.data.rest.webmvc.RepositoryEntityController.patchItemResource(org.springframework.data.rest.webmvc.RootResourceInformation,org.springframework.data.rest.webmvc.PersistentEntityResource,java.io.Serializable,org.springframework.data.rest.webmvc.PersistentEntityResourceAssembler,org.springframework.data.rest.webmvc.support.ETag,java.lang.String) throws org.springframework.web.HttpRequestMethodNotSupportedException,org.springframework.data.rest.webmvc.ResourceNotFoundException
2018-05-21 18:57:35.573  INFO 4232 --- [    Test worker] o.s.d.r.w.RepositoryRestHandlerMapping   : Mapped "{[/{repository}/{id}],methods=[DELETE],produces=[application/hal+json || application/json]}" onto public org.springframework.http.ResponseEntity<?> org.springframework.data.rest.webmvc.RepositoryEntityController.deleteItemResource(org.springframework.data.rest.webmvc.RootResourceInformation,java.io.Serializable,org.springframework.data.rest.webmvc.support.ETag) throws org.springframework.data.rest.webmvc.ResourceNotFoundException,org.springframework.web.HttpRequestMethodNotSupportedException
2018-05-21 18:57:35.578  INFO 4232 --- [    Test worker] o.s.d.r.w.BasePathAwareHandlerMapping    : Mapped "{[/profile/{repository}],methods=[GET],produces=[application/schema+json]}" onto public org.springframework.http.HttpEntity<org.springframework.data.rest.webmvc.json.JsonSchema> org.springframework.data.rest.webmvc.RepositorySchemaController.schema(org.springframework.data.rest.webmvc.RootResourceInformation)
2018-05-21 18:57:35.579  INFO 4232 --- [    Test worker] o.s.d.r.w.BasePathAwareHandlerMapping    : Mapped "{[/profile/{repository}],methods=[OPTIONS],produces=[application/alps+json]}" onto org.springframework.http.HttpEntity<?> org.springframework.data.rest.webmvc.alps.AlpsController.alpsOptions()
2018-05-21 18:57:35.580  INFO 4232 --- [    Test worker] o.s.d.r.w.BasePathAwareHandlerMapping    : Mapped "{[/profile/{repository}],methods=[GET],produces=[application/alps+json || */*]}" onto org.springframework.http.HttpEntity<org.springframework.data.rest.webmvc.RootResourceInformation> org.springframework.data.rest.webmvc.alps.AlpsController.descriptor(org.springframework.data.rest.webmvc.RootResourceInformation)
2018-05-21 18:57:35.581  INFO 4232 --- [    Test worker] o.s.d.r.w.BasePathAwareHandlerMapping    : Mapped "{[/profile],methods=[OPTIONS]}" onto public org.springframework.http.HttpEntity<?> org.springframework.data.rest.webmvc.ProfileController.profileOptions()
2018-05-21 18:57:35.582  INFO 4232 --- [    Test worker] o.s.d.r.w.BasePathAwareHandlerMapping    : Mapped "{[/profile],methods=[GET]}" onto org.springframework.http.HttpEntity<org.springframework.hateoas.ResourceSupport> org.springframework.data.rest.webmvc.ProfileController.listAllFormsOfMetadata()
2018-05-21 18:57:36.044  INFO 4232 --- [    Test worker] org.mongodb.driver.cluster               : Cluster created with settings {hosts=[localhost:27017], mode=SINGLE, requiredClusterType=UNKNOWN, serverSelectionTimeout='30000 ms', maxWaitQueueSize=500}
2018-05-21 18:57:36.153  INFO 4232 --- [localhost:27017] org.mongodb.driver.connection            : Opened connection [connectionId{localValue:1, serverValue:2}] to localhost:27017
2018-05-21 18:57:36.161  INFO 4232 --- [localhost:27017] org.mongodb.driver.cluster               : Monitor thread successfully connected to server with description ServerDescription{address=localhost:27017, type=STANDALONE, state=CONNECTED, ok=true, version=ServerVersion{versionList=[2, 6, 10]}, minWireVersion=0, maxWireVersion=2, maxDocumentSize=16777216, logicalSessionTimeoutMinutes=null, roundTripTimeNanos=2573009}
2018-05-21 18:57:36.294  INFO 4232 --- [    Test worker] s.a.ScheduledAnnotationBeanPostProcessor : No TaskScheduler/ScheduledExecutorService bean found for scheduled processing
2018-05-21 18:57:36.309  INFO 4232 --- [    Test worker] Taller1db.TBD.TbdApplicationTests        : Started TbdApplicationTests in 38.008 seconds (JVM running for 39.406)
]]></system-out>
  <system-err><![CDATA[]]></system-err>
</testsuite>
